This is pdfTeX, Version 3.141592653-2.6-1.40.24 (TeX Live 2022) (preloaded format=pdflatex 2022.6.9)  10 JUN 2022 14:10
entering extended mode
 restricted \write18 enabled.
 %&-line parsing enabled.
**Main-Report.tex
(./Main-Report.tex
LaTeX2e <2021-11-15> patch level 1
L3 programming layer <2022-06-02> (c:/Users/Work/AppData/Roaming/TinyTeX/texmf-dist/tex/latex/base/article.cls
Document Class: article 2021/10/04 v1.4n Standard LaTeX document class
(c:/Users/Work/AppData/Roaming/TinyTeX/texmf-dist/tex/latex/base/size10.clo
File: size10.clo 2021/10/04 v1.4n Standard LaTeX file (size option)
)
\c@part=\count185
\c@section=\count186
\c@subsection=\count187
\c@subsubsection=\count188
\c@paragraph=\count189
\c@subparagraph=\count190
\c@figure=\count191
\c@table=\count192
\abovecaptionskip=\skip47
\belowcaptionskip=\skip48
\bibindent=\dimen138
) (c:/Users/Work/AppData/Roaming/TinyTeX/texmf-dist/tex/latex/amsmath/amsmath.sty
Package: amsmath 2021/10/15 v2.17l AMS math features
\@mathmargin=\skip49
For additional information on amsmath, use the `?' option.
(c:/Users/Work/AppData/Roaming/TinyTeX/texmf-dist/tex/latex/amsmath/amstext.sty
Package: amstext 2021/08/26 v2.01 AMS text
(c:/Users/Work/AppData/Roaming/TinyTeX/texmf-dist/tex/latex/amsmath/amsgen.sty
File: amsgen.sty 1999/11/30 v2.0 generic functions
\@emptytoks=\toks16
\ex@=\dimen139
)) (c:/Users/Work/AppData/Roaming/TinyTeX/texmf-dist/tex/latex/amsmath/amsbsy.sty
Package: amsbsy 1999/11/29 v1.2d Bold Symbols
\pmbraise@=\dimen140
) (c:/Users/Work/AppData/Roaming/TinyTeX/texmf-dist/tex/latex/amsmath/amsopn.sty
Package: amsopn 2021/08/26 v2.02 operator names
)
\inf@bad=\count193
LaTeX Info: Redefining \frac on input line 234.
\uproot@=\count194
\leftroot@=\count195
LaTeX Info: Redefining \overline on input line 399.
\classnum@=\count196
\DOTSCASE@=\count197
LaTeX Info: Redefining \ldots on input line 496.
LaTeX Info: Redefining \dots on input line 499.
LaTeX Info: Redefining \cdots on input line 620.
\Mathstrutbox@=\box50
\strutbox@=\box51
\big@size=\dimen141
LaTeX Font Info:    Redeclaring font encoding OML on input line 743.
LaTeX Font Info:    Redeclaring font encoding OMS on input line 744.
\macc@depth=\count198
\c@MaxMatrixCols=\count199
\dotsspace@=\muskip16
\c@parentequation=\count266
\dspbrk@lvl=\count267
\tag@help=\toks17
\row@=\count268
\column@=\count269
\maxfields@=\count270
\andhelp@=\toks18
\eqnshift@=\dimen142
\alignsep@=\dimen143
\tagshift@=\dimen144
\tagwidth@=\dimen145
\totwidth@=\dimen146
\lineht@=\dimen147
\@envbody=\toks19
\multlinegap=\skip50
\multlinetaggap=\skip51
\mathdisplay@stack=\toks20
LaTeX Info: Redefining \[ on input line 2938.
LaTeX Info: Redefining \] on input line 2939.
) (c:/Users/Work/AppData/Roaming/TinyTeX/texmf-dist/tex/latex/amsfonts/amssymb.sty
Package: amssymb 2013/01/14 v3.01 AMS font symbols
(c:/Users/Work/AppData/Roaming/TinyTeX/texmf-dist/tex/latex/amsfonts/amsfonts.sty
Package: amsfonts 2013/01/14 v3.01 Basic AMSFonts support
\symAMSa=\mathgroup4
\symAMSb=\mathgroup5
LaTeX Font Info:    Redeclaring math symbol \hbar on input line 98.
LaTeX Font Info:    Overwriting math alphabet `\mathfrak' in version `bold'
(Font)                  U/euf/m/n --> U/euf/b/n on input line 106.
)) (c:/Users/Work/AppData/Roaming/TinyTeX/texmf-dist/tex/latex/lm/lmodern.sty
Package: lmodern 2015/05/01 v1.6.1 Latin Modern Fonts
LaTeX Font Info:    Overwriting symbol font `operators' in version `normal'
(Font)                  OT1/cmr/m/n --> OT1/lmr/m/n on input line 22.
LaTeX Font Info:    Overwriting symbol font `letters' in version `normal'
(Font)                  OML/cmm/m/it --> OML/lmm/m/it on input line 23.
LaTeX Font Info:    Overwriting symbol font `symbols' in version `normal'
(Font)                  OMS/cmsy/m/n --> OMS/lmsy/m/n on input line 24.
LaTeX Font Info:    Overwriting symbol font `largesymbols' in version `normal'
(Font)                  OMX/cmex/m/n --> OMX/lmex/m/n on input line 25.
LaTeX Font Info:    Overwriting symbol font `operators' in version `bold'
(Font)                  OT1/cmr/bx/n --> OT1/lmr/bx/n on input line 26.
LaTeX Font Info:    Overwriting symbol font `letters' in version `bold'
(Font)                  OML/cmm/b/it --> OML/lmm/b/it on input line 27.
LaTeX Font Info:    Overwriting symbol font `symbols' in version `bold'
(Font)                  OMS/cmsy/b/n --> OMS/lmsy/b/n on input line 28.
LaTeX Font Info:    Overwriting symbol font `largesymbols' in version `bold'
(Font)                  OMX/cmex/m/n --> OMX/lmex/m/n on input line 29.
LaTeX Font Info:    Overwriting math alphabet `\mathbf' in version `normal'
(Font)                  OT1/cmr/bx/n --> OT1/lmr/bx/n on input line 31.
LaTeX Font Info:    Overwriting math alphabet `\mathsf' in version `normal'
(Font)                  OT1/cmss/m/n --> OT1/lmss/m/n on input line 32.
LaTeX Font Info:    Overwriting math alphabet `\mathit' in version `normal'
(Font)                  OT1/cmr/m/it --> OT1/lmr/m/it on input line 33.
LaTeX Font Info:    Overwriting math alphabet `\mathtt' in version `normal'
(Font)                  OT1/cmtt/m/n --> OT1/lmtt/m/n on input line 34.
LaTeX Font Info:    Overwriting math alphabet `\mathbf' in version `bold'
(Font)                  OT1/cmr/bx/n --> OT1/lmr/bx/n on input line 35.
LaTeX Font Info:    Overwriting math alphabet `\mathsf' in version `bold'
(Font)                  OT1/cmss/bx/n --> OT1/lmss/bx/n on input line 36.
LaTeX Font Info:    Overwriting math alphabet `\mathit' in version `bold'
(Font)                  OT1/cmr/bx/it --> OT1/lmr/bx/it on input line 37.
LaTeX Font Info:    Overwriting math alphabet `\mathtt' in version `bold'
(Font)                  OT1/cmtt/m/n --> OT1/lmtt/m/n on input line 38.
) (c:/Users/Work/AppData/Roaming/TinyTeX/texmf-dist/tex/generic/iftex/iftex.sty
Package: iftex 2022/02/03 v1.0f TeX engine tests
) (c:/Users/Work/AppData/Roaming/TinyTeX/texmf-dist/tex/latex/base/fontenc.sty
Package: fontenc 2021/04/29 v2.0v Standard LaTeX package
LaTeX Font Info:    Trying to load font information for T1+lmr on input line 112.
(c:/Users/Work/AppData/Roaming/TinyTeX/texmf-dist/tex/latex/lm/t1lmr.fd
File: t1lmr.fd 2015/05/01 v1.6.1 Font defs for Latin Modern
)) (c:/Users/Work/AppData/Roaming/TinyTeX/texmf-dist/tex/latex/base/inputenc.sty
Package: inputenc 2021/02/14 v1.3d Input encoding file
\inpenc@prehook=\toks21
\inpenc@posthook=\toks22
) (c:/Users/Work/AppData/Roaming/TinyTeX/texmf-dist/tex/latex/base/textcomp.sty
Package: textcomp 2020/02/02 v2.0n Standard LaTeX package
) (c:/Users/Work/AppData/Roaming/TinyTeX/texmf-dist/tex/latex/xcolor/xcolor.sty
Package: xcolor 2021/10/31 v2.13 LaTeX color extensions (UK)
(c:/Users/Work/AppData/Roaming/TinyTeX/texmf-dist/tex/latex/graphics-cfg/color.cfg
File: color.cfg 2016/01/02 v1.6 sample color configuration
)
Package xcolor Info: Driver file: pdftex.def on input line 227.
(c:/Users/Work/AppData/Roaming/TinyTeX/texmf-dist/tex/latex/graphics-def/pdftex.def
File: pdftex.def 2020/10/05 v1.2a Graphics/color driver for pdftex
)
Package xcolor Info: Model `cmy' substituted by `cmy0' on input line 1352.
Package xcolor Info: Model `hsb' substituted by `rgb' on input line 1356.
Package xcolor Info: Model `RGB' extended on input line 1368.
Package xcolor Info: Model `HTML' substituted by `rgb' on input line 1370.
Package xcolor Info: Model `Hsb' substituted by `hsb' on input line 1371.
Package xcolor Info: Model `tHsb' substituted by `hsb' on input line 1372.
Package xcolor Info: Model `HSB' substituted by `hsb' on input line 1373.
Package xcolor Info: Model `Gray' substituted by `gray' on input line 1374.
Package xcolor Info: Model `wave' substituted by `hsb' on input line 1375.
) (c:/Users/Work/AppData/Roaming/TinyTeX/texmf-dist/tex/latex/hyperref/hyperref.sty
Package: hyperref 2022-05-17 v7.00q Hypertext links for LaTeX
(c:/Users/Work/AppData/Roaming/TinyTeX/texmf-dist/tex/generic/ltxcmds/ltxcmds.sty
Package: ltxcmds 2020-05-10 v1.25 LaTeX kernel commands for general use (HO)
) (c:/Users/Work/AppData/Roaming/TinyTeX/texmf-dist/tex/generic/pdftexcmds/pdftexcmds.sty
Package: pdftexcmds 2020-06-27 v0.33 Utility functions of pdfTeX for LuaTeX (HO)
(c:/Users/Work/AppData/Roaming/TinyTeX/texmf-dist/tex/generic/infwarerr/infwarerr.sty
Package: infwarerr 2019/12/03 v1.5 Providing info/warning/error messages (HO)
)
Package pdftexcmds Info: \pdf@primitive is available.
Package pdftexcmds Info: \pdf@ifprimitive is available.
Package pdftexcmds Info: \pdfdraftmode found.
) (c:/Users/Work/AppData/Roaming/TinyTeX/texmf-dist/tex/latex/graphics/keyval.sty
Package: keyval 2014/10/28 v1.15 key=value parser (DPC)
\KV@toks@=\toks23
) (c:/Users/Work/AppData/Roaming/TinyTeX/texmf-dist/tex/generic/kvsetkeys/kvsetkeys.sty
Package: kvsetkeys 2019/12/15 v1.18 Key value parser (HO)
) (c:/Users/Work/AppData/Roaming/TinyTeX/texmf-dist/tex/generic/kvdefinekeys/kvdefinekeys.sty
Package: kvdefinekeys 2019-12-19 v1.6 Define keys (HO)
) (c:/Users/Work/AppData/Roaming/TinyTeX/texmf-dist/tex/generic/pdfescape/pdfescape.sty
Package: pdfescape 2019/12/09 v1.15 Implements pdfTeX's escape features (HO)
) (c:/Users/Work/AppData/Roaming/TinyTeX/texmf-dist/tex/latex/hycolor/hycolor.sty
Package: hycolor 2020-01-27 v1.10 Color options for hyperref/bookmark (HO)
) (c:/Users/Work/AppData/Roaming/TinyTeX/texmf-dist/tex/latex/letltxmacro/letltxmacro.sty
Package: letltxmacro 2019/12/03 v1.6 Let assignment for LaTeX macros (HO)
) (c:/Users/Work/AppData/Roaming/TinyTeX/texmf-dist/tex/latex/auxhook/auxhook.sty
Package: auxhook 2019-12-17 v1.6 Hooks for auxiliary files (HO)
) (c:/Users/Work/AppData/Roaming/TinyTeX/texmf-dist/tex/latex/hyperref/nameref.sty
Package: nameref 2022-05-17 v2.50 Cross-referencing by name of section
(c:/Users/Work/AppData/Roaming/TinyTeX/texmf-dist/tex/latex/refcount/refcount.sty
Package: refcount 2019/12/15 v3.6 Data extraction from label references (HO)
) (c:/Users/Work/AppData/Roaming/TinyTeX/texmf-dist/tex/generic/gettitlestring/gettitlestring.sty
Package: gettitlestring 2019/12/15 v1.6 Cleanup title references (HO)
(c:/Users/Work/AppData/Roaming/TinyTeX/texmf-dist/tex/latex/kvoptions/kvoptions.sty
Package: kvoptions 2020-10-07 v3.14 Key value format for package options (HO)
))
\c@section@level=\count271
)
\@linkdim=\dimen148
\Hy@linkcounter=\count272
\Hy@pagecounter=\count273
(c:/Users/Work/AppData/Roaming/TinyTeX/texmf-dist/tex/latex/hyperref/pd1enc.def
File: pd1enc.def 2022-05-17 v7.00q Hyperref: PDFDocEncoding definition (HO)
Now handling font encoding PD1 ...
... no UTF-8 mapping file for font encoding PD1
) (c:/Users/Work/AppData/Roaming/TinyTeX/texmf-dist/tex/generic/intcalc/intcalc.sty
Package: intcalc 2019/12/15 v1.3 Expandable calculations with integers (HO)
) (c:/Users/Work/AppData/Roaming/TinyTeX/texmf-dist/tex/generic/etexcmds/etexcmds.sty
Package: etexcmds 2019/12/15 v1.7 Avoid name clashes with e-TeX commands (HO)
)
\Hy@SavedSpaceFactor=\count274
(c:/Users/Work/AppData/Roaming/TinyTeX/texmf-dist/tex/latex/hyperref/puenc.def
File: puenc.def 2022-05-17 v7.00q Hyperref: PDF Unicode definition (HO)
Now handling font encoding PU ...
... no UTF-8 mapping file for font encoding PU
)
Package hyperref Info: Option `unicode' set `true' on input line 4020.
Package hyperref Info: Hyper figures OFF on input line 4139.
Package hyperref Info: Link nesting OFF on input line 4144.
Package hyperref Info: Hyper index ON on input line 4147.
Package hyperref Info: Plain pages OFF on input line 4154.
Package hyperref Info: Backreferencing OFF on input line 4159.
Package hyperref Info: Implicit mode ON; LaTeX internals redefined.
Package hyperref Info: Bookmarks ON on input line 4385.
\c@Hy@tempcnt=\count275
(c:/Users/Work/AppData/Roaming/TinyTeX/texmf-dist/tex/latex/url/url.sty
\Urlmuskip=\muskip17
Package: url 2013/09/16  ver 3.4  Verb mode for urls, etc.
)
LaTeX Info: Redefining \url on input line 4723.
\XeTeXLinkMargin=\dimen149
(c:/Users/Work/AppData/Roaming/TinyTeX/texmf-dist/tex/generic/bitset/bitset.sty
Package: bitset 2019/12/09 v1.3 Handle bit-vector datatype (HO)
(c:/Users/Work/AppData/Roaming/TinyTeX/texmf-dist/tex/generic/bigintcalc/bigintcalc.sty
Package: bigintcalc 2019/12/15 v1.5 Expandable calculations on big integers (HO)
))
\Fld@menulength=\count276
\Field@Width=\dimen150
\Fld@charsize=\dimen151
Package hyperref Info: Hyper figures OFF on input line 6001.
Package hyperref Info: Link nesting OFF on input line 6006.
Package hyperref Info: Hyper index ON on input line 6009.
Package hyperref Info: backreferencing OFF on input line 6016.
Package hyperref Info: Link coloring OFF on input line 6021.
Package hyperref Info: Link coloring with OCG OFF on input line 6026.
Package hyperref Info: PDF/A mode OFF on input line 6031.
LaTeX Info: Redefining \ref on input line 6078.
LaTeX Info: Redefining \pageref on input line 6078.
(c:/Users/Work/AppData/Roaming/TinyTeX/texmf-dist/tex/latex/base/atbegshi-ltx.sty
Package: atbegshi-ltx 2021/01/10 v1.0c Emulation of the original atbegshi
package with kernel methods
)
\Hy@abspage=\count277
\c@Item=\count278
\c@Hfootnote=\count279
)
Package hyperref Info: Driver (autodetected): hpdftex.
(c:/Users/Work/AppData/Roaming/TinyTeX/texmf-dist/tex/latex/hyperref/hpdftex.def
File: hpdftex.def 2022-05-17 v7.00q Hyperref driver for pdfTeX
(c:/Users/Work/AppData/Roaming/TinyTeX/texmf-dist/tex/latex/base/atveryend-ltx.sty
Package: atveryend-ltx 2020/08/19 v1.0a Emulation of the original atveryend package
with kernel methods
)
\Fld@listcount=\count280
\c@bookmark@seq@number=\count281
(c:/Users/Work/AppData/Roaming/TinyTeX/texmf-dist/tex/latex/rerunfilecheck/rerunfilecheck.sty
Package: rerunfilecheck 2019/12/05 v1.9 Rerun checks for auxiliary files (HO)
(c:/Users/Work/AppData/Roaming/TinyTeX/texmf-dist/tex/generic/uniquecounter/uniquecounter.sty
Package: uniquecounter 2019/12/15 v1.4 Provide unlimited unique counter (HO)
)
Package uniquecounter Info: New unique counter `rerunfilecheck' on input line 286.
)
\Hy@SectionHShift=\skip52
) (c:/Users/Work/AppData/Roaming/TinyTeX/texmf-dist/tex/latex/geometry/geometry.sty
Package: geometry 2020/01/02 v5.9 Page Geometry
(c:/Users/Work/AppData/Roaming/TinyTeX/texmf-dist/tex/generic/iftex/ifvtex.sty
Package: ifvtex 2019/10/25 v1.7 ifvtex legacy package. Use iftex instead.
)
\Gm@cnth=\count282
\Gm@cntv=\count283
\c@Gm@tempcnt=\count284
\Gm@bindingoffset=\dimen152
\Gm@wd@mp=\dimen153
\Gm@odd@mp=\dimen154
\Gm@even@mp=\dimen155
\Gm@layoutwidth=\dimen156
\Gm@layoutheight=\dimen157
\Gm@layouthoffset=\dimen158
\Gm@layoutvoffset=\dimen159
\Gm@dimlist=\toks24
) (c:/Users/Work/AppData/Roaming/TinyTeX/texmf-dist/tex/latex/graphics/graphicx.sty
Package: graphicx 2021/09/16 v1.2d Enhanced LaTeX Graphics (DPC,SPQR)
(c:/Users/Work/AppData/Roaming/TinyTeX/texmf-dist/tex/latex/graphics/graphics.sty
Package: graphics 2021/03/04 v1.4d Standard LaTeX Graphics (DPC,SPQR)
(c:/Users/Work/AppData/Roaming/TinyTeX/texmf-dist/tex/latex/graphics/trig.sty
Package: trig 2021/08/11 v1.11 sin cos tan (DPC)
) (c:/Users/Work/AppData/Roaming/TinyTeX/texmf-dist/tex/latex/graphics-cfg/graphics.cfg
File: graphics.cfg 2016/06/04 v1.11 sample graphics configuration
)
Package graphics Info: Driver file: pdftex.def on input line 107.
)
\Gin@req@height=\dimen160
\Gin@req@width=\dimen161
) (c:/Users/Work/AppData/Roaming/TinyTeX/texmf-dist/tex/latex/fancyhdr/fancyhdr.sty
Package: fancyhdr 2022/05/18 v4.0.3 Extensive control of page headers and footers
\f@nch@headwidth=\skip53
\f@nch@O@elh=\skip54
\f@nch@O@erh=\skip55
\f@nch@O@olh=\skip56
\f@nch@O@orh=\skip57
\f@nch@O@elf=\skip58
\f@nch@O@erf=\skip59
\f@nch@O@olf=\skip60
\f@nch@O@orf=\skip61
) (c:/Users/Work/AppData/Roaming/TinyTeX/texmf-dist/tex/latex/mathtools/mathtools.sty
Package: mathtools 2022/02/07 v1.28a mathematical typesetting tools
(c:/Users/Work/AppData/Roaming/TinyTeX/texmf-dist/tex/latex/tools/calc.sty
Package: calc 2017/05/25 v4.3 Infix arithmetic (KKT,FJ)
\calc@Acount=\count285
\calc@Bcount=\count286
\calc@Adimen=\dimen162
\calc@Bdimen=\dimen163
\calc@Askip=\skip62
\calc@Bskip=\skip63
LaTeX Info: Redefining \setlength on input line 80.
LaTeX Info: Redefining \addtolength on input line 81.
\calc@Ccount=\count287
\calc@Cskip=\skip64
) (c:/Users/Work/AppData/Roaming/TinyTeX/texmf-dist/tex/latex/mathtools/mhsetup.sty
Package: mhsetup 2021/03/18 v1.4 programming setup (MH)
)
\g_MT_multlinerow_int=\count288
\l_MT_multwidth_dim=\dimen164
\origjot=\skip65
\l_MT_shortvdotswithinadjustabove_dim=\dimen165
\l_MT_shortvdotswithinadjustbelow_dim=\dimen166
\l_MT_above_intertext_sep=\dimen167
\l_MT_below_intertext_sep=\dimen168
\l_MT_above_shortintertext_sep=\dimen169
\l_MT_below_shortintertext_sep=\dimen170
\xmathstrut@box=\box52
\xmathstrut@dim=\dimen171
) (c:/Users/Work/AppData/Roaming/TinyTeX/texmf-dist/tex/latex/lipsum/lipsum.sty (c:/Users/Work/AppData/Roaming/TinyTeX/texmf-dist/tex/latex/l3packages/l3keys2e/l3keys2e.sty (c:/Users/Work/AppData/Roaming/TinyTeX/texmf-dist/tex/latex/l3kernel/expl3.sty
Package: expl3 2022-06-02 L3 programming layer (loader) 
(c:/Users/Work/AppData/Roaming/TinyTeX/texmf-dist/tex/latex/l3backend/l3backend-pdftex.def
File: l3backend-pdftex.def 2022-04-20 L3 backend support: PDF output (pdfTeX)
\l__color_backend_stack_int=\count289
\l__pdf_internal_box=\box53
))
Package: l3keys2e 2022-06-07 LaTeX2e option processing using LaTeX3 keys
)
Package: lipsum 2021-09-20 v2.7 150 paragraphs of Lorem Ipsum dummy text
\g__lipsum_par_int=\count290
\l__lipsum_a_int=\count291
\l__lipsum_b_int=\count292
(c:/Users/Work/AppData/Roaming/TinyTeX/texmf-dist/tex/latex/lipsum/lipsum.ltd.tex)) (c:/Users/Work/AppData/Roaming/TinyTeX/texmf-dist/tex/latex/float/float.sty
Package: float 2001/11/08 v1.3d Float enhancements (AL)
\c@float@type=\count293
\float@exts=\toks25
\float@box=\box54
\@float@everytoks=\toks26
\@floatcapt=\box55
) (c:/Users/Work/AppData/Roaming/TinyTeX/texmf-dist/tex/latex/caption/caption.sty
Package: caption 2022/03/01 v3.6b Customizing captions (AR)
(c:/Users/Work/AppData/Roaming/TinyTeX/texmf-dist/tex/latex/caption/caption3.sty
Package: caption3 2022/03/17 v2.3b caption3 kernel (AR)
\caption@tempdima=\dimen172
\captionmargin=\dimen173
\caption@leftmargin=\dimen174
\caption@rightmargin=\dimen175
\caption@width=\dimen176
\caption@indent=\dimen177
\caption@parindent=\dimen178
\caption@hangindent=\dimen179
Package caption Info: Standard document class detected.
)
\c@caption@flags=\count294
\c@continuedfloat=\count295
Package caption Info: float package is loaded.
Package caption Info: hyperref package is loaded.
) (c:/Users/Work/AppData/Roaming/TinyTeX/texmf-dist/tex/latex/base/flafter.sty
Package: flafter 2021/07/31 v1.4e Standard LaTeX floats after reference (FMi)
Applying: [2015/01/01] float order in 2-column on input line 49.
Already applied: [0000/00/00] float order in 2-column on input line 151.
) (c:/Users/Work/AppData/Roaming/TinyTeX/texmf-dist/tex/latex/booktabs/booktabs.sty
Package: booktabs 2020/01/12 v1.61803398 Publication quality tables
\heavyrulewidth=\dimen180
\lightrulewidth=\dimen181
\cmidrulewidth=\dimen182
\belowrulesep=\dimen183
\belowbottomsep=\dimen184
\aboverulesep=\dimen185
\abovetopsep=\dimen186
\cmidrulesep=\dimen187
\cmidrulekern=\dimen188
\defaultaddspace=\dimen189
\@cmidla=\count296
\@cmidlb=\count297
\@aboverulesep=\dimen190
\@belowrulesep=\dimen191
\@thisruleclass=\count298
\@lastruleclass=\count299
\@thisrulewidth=\dimen192
) (c:/Users/Work/AppData/Roaming/TinyTeX/texmf-dist/tex/latex/tools/longtable.sty
Package: longtable 2021-09-01 v4.17 Multi-page Table package (DPC)
\LTleft=\skip66
\LTright=\skip67
\LTpre=\skip68
\LTpost=\skip69
\LTchunksize=\count300
\LTcapwidth=\dimen193
\LT@head=\box56
\LT@firsthead=\box57
\LT@foot=\box58
\LT@lastfoot=\box59
\LT@gbox=\box60
\LT@cols=\count301
\LT@rows=\count302
\c@LT@tables=\count303
\c@LT@chunks=\count304
\LT@p@ftn=\toks27
) (c:/Users/Work/AppData/Roaming/TinyTeX/texmf-dist/tex/latex/tools/array.sty
Package: array 2021/10/04 v2.5f Tabular extension package (FMi)
\col@sep=\dimen194
\ar@mcellbox=\box61
\extrarowheight=\dimen195
\NC@list=\toks28
\extratabsurround=\skip70
\backup@length=\skip71
\ar@cellbox=\box62
) (c:/Users/Work/AppData/Roaming/TinyTeX/texmf-dist/tex/latex/multirow/multirow.sty
Package: multirow 2021/03/15 v2.8 Span multiple rows of a table
\multirow@colwidth=\skip72
\multirow@cntb=\count305
\multirow@dima=\skip73
\bigstrutjot=\dimen196
) (c:/Users/Work/AppData/Roaming/TinyTeX/texmf-dist/tex/latex/wrapfig/wrapfig.sty
\wrapoverhang=\dimen197
\WF@size=\dimen198
\c@WF@wrappedlines=\count306
\WF@box=\box63
\WF@everypar=\toks29
Package: wrapfig 2003/01/31  v 3.6
) (c:/Users/Work/AppData/Roaming/TinyTeX/texmf-dist/tex/latex/colortbl/colortbl.sty
Package: colortbl 2020/01/04 v1.0e Color table columns (DPC)
\everycr=\toks30
\minrowclearance=\skip74
) (c:/Users/Work/AppData/Roaming/TinyTeX/texmf-dist/tex/latex/pdflscape/pdflscape.sty
Package: pdflscape 2019/12/05 v0.12 Display of landscape pages in PDF (HO)
(c:/Users/Work/AppData/Roaming/TinyTeX/texmf-dist/tex/latex/graphics/lscape.sty
Package: lscape 2020/05/28 v3.02 Landscape Pages (DPC)
)
Package pdflscape Info: Auto-detected driver: pdftex on input line 81.
) (c:/Users/Work/AppData/Roaming/TinyTeX/texmf-dist/tex/latex/tabu/tabu.sty
Package: tabu 2019/01/11 v2.9 - flexible LaTeX tabulars (FC+tabu-fixed)
(c:/Users/Work/AppData/Roaming/TinyTeX/texmf-dist/tex/latex/varwidth/varwidth.sty
Package: varwidth 2009/03/30 ver 0.92;  Variable-width minipages
\@vwid@box=\box64
\sift@deathcycles=\count307
\@vwid@loff=\dimen199
\@vwid@roff=\dimen256
)
\c@taburow=\count308
\tabu@nbcols=\count309
\tabu@cnt=\count310
\tabu@Xcol=\count311
\tabu@alloc=\count312
\tabu@nested=\count313
\tabu@target=\dimen257
\tabu@spreadtarget=\dimen258
\tabu@naturalX=\dimen259
\tabucolX=\dimen260
\tabu@Xsum=\dimen261
\extrarowdepth=\dimen262
\abovetabulinesep=\dimen263
\belowtabulinesep=\dimen264
\tabustrutrule=\dimen265
\tabu@thebody=\toks31
\tabu@footnotes=\toks32
\tabu@box=\box65
\tabu@arstrutbox=\box66
\tabu@hleads=\box67
\tabu@vleads=\box68
\tabu@cellskip=\skip75
) (c:/Users/Work/AppData/Roaming/TinyTeX/texmf-dist/tex/latex/threeparttable/threeparttable.sty
Package: threeparttable 2003/06/13  v 3.0
\@tempboxb=\box69
) (c:/Users/Work/AppData/Roaming/TinyTeX/texmf-dist/tex/latex/threeparttablex/threeparttablex.sty
Package: threeparttablex 2013/07/23 v0.3 by daleif
(c:/Users/Work/AppData/Roaming/TinyTeX/texmf-dist/tex/latex/environ/environ.sty
Package: environ 2014/05/04 v0.3 A new way to define environments
(c:/Users/Work/AppData/Roaming/TinyTeX/texmf-dist/tex/latex/trimspaces/trimspaces.sty
Package: trimspaces 2009/09/17 v1.1 Trim spaces around a token list
))
\TPTL@width=\skip76
) (c:/Users/Work/AppData/Roaming/TinyTeX/texmf-dist/tex/generic/ulem/ulem.sty
\UL@box=\box70
\UL@hyphenbox=\box71
\UL@skip=\skip77
\UL@hook=\toks33
\UL@height=\dimen266
\UL@pe=\count314
\UL@pixel=\dimen267
\ULC@box=\box72
Package: ulem 2019/11/18
\ULdepth=\dimen268
) (c:/Users/Work/AppData/Roaming/TinyTeX/texmf-dist/tex/latex/makecell/makecell.sty
Package: makecell 2009/08/03 V0.1e Managing of Tab Column Heads and Cells
\rotheadsize=\dimen269
\c@nlinenum=\count315
\TeXr@lab=\toks34
) (c:/Users/Work/AppData/Roaming/TinyTeX/texmf-dist/tex/latex/etoolbox/etoolbox.sty
Package: etoolbox 2020/10/05 v2.5k e-TeX tools for LaTeX (JAW)
\etb@tempcnta=\count316
) (./Main-Report.aux)
\openout1 = `Main-Report.aux'.

LaTeX Font Info:    Checking defaults for OML/cmm/m/it on input line 106.
LaTeX Font Info:    ... okay on input line 106.
LaTeX Font Info:    Checking defaults for OMS/cmsy/m/n on input line 106.
LaTeX Font Info:    ... okay on input line 106.
LaTeX Font Info:    Checking defaults for OT1/cmr/m/n on input line 106.
LaTeX Font Info:    ... okay on input line 106.
LaTeX Font Info:    Checking defaults for T1/cmr/m/n on input line 106.
LaTeX Font Info:    ... okay on input line 106.
LaTeX Font Info:    Checking defaults for TS1/cmr/m/n on input line 106.
LaTeX Font Info:    ... okay on input line 106.
LaTeX Font Info:    Checking defaults for OMX/cmex/m/n on input line 106.
LaTeX Font Info:    ... okay on input line 106.
LaTeX Font Info:    Checking defaults for U/cmr/m/n on input line 106.
LaTeX Font Info:    ... okay on input line 106.
LaTeX Font Info:    Checking defaults for PD1/pdf/m/n on input line 106.
LaTeX Font Info:    ... okay on input line 106.
LaTeX Font Info:    Checking defaults for PU/pdf/m/n on input line 106.
LaTeX Font Info:    ... okay on input line 106.
(c:/Users/Work/AppData/Roaming/TinyTeX/texmf-dist/tex/latex/epstopdf-pkg/epstopdf-base.sty
Package: epstopdf-base 2020-01-24 v2.11 Base part for package epstopdf
Package epstopdf-base Info: Redefining graphics rule for `.eps' on input line 485.
(c:/Users/Work/AppData/Roaming/TinyTeX/texmf-dist/tex/latex/latexconfig/epstopdf-sys.cfg
File: epstopdf-sys.cfg 2010/07/13 v1.3 Configuration of (r)epstopdf for TeX Live
))
Package hyperref Info: Link coloring OFF on input line 106.
(./Main-Report.out) (./Main-Report.out)
\@outlinefile=\write3
\openout3 = `Main-Report.out'.

*geometry* driver: auto-detecting
*geometry* detected driver: pdftex
*geometry* verbose mode - [ preamble ] result:
* driver: pdftex
* paper: <default>
* layout: <same size as paper>
* layoutoffset:(h,v)=(0.0pt,0.0pt)
* modes: 
* h-part:(L,W,R)=(72.26999pt, 469.75502pt, 72.26999pt)
* v-part:(T,H,B)=(72.26999pt, 650.43001pt, 72.26999pt)
* \paperwidth=614.295pt
* \paperheight=794.96999pt
* \textwidth=469.75502pt
* \textheight=650.43001pt
* \oddsidemargin=0.0pt
* \evensidemargin=0.0pt
* \topmargin=-37.0pt
* \headheight=18.0pt
* \headsep=25.0pt
* \topskip=10.0pt
* \footskip=30.0pt
* \marginparwidth=65.0pt
* \marginparsep=11.0pt
* \columnsep=10.0pt
* \skip\footins=9.0pt plus 4.0pt minus 2.0pt
* \hoffset=0.0pt
* \voffset=0.0pt
* \mag=1000
* \@twocolumnfalse
* \@twosidefalse
* \@mparswitchfalse
* \@reversemarginfalse
* (1in=72.27pt=25.4mm, 1cm=28.453pt)

Package caption Info: Begin \AtBeginDocument code.
Package caption Info: longtable package is loaded.
(c:/Users/Work/AppData/Roaming/TinyTeX/texmf-dist/tex/latex/caption/ltcaption.sty
Package: ltcaption 2021/01/08 v1.4c longtable captions (AR)
)
Package caption Info: threeparttable package is loaded.
Package caption Info: wrapfig package is loaded.
Package caption Info: End \AtBeginDocument code.
LaTeX Font Info:    Trying to load font information for OT1+lmr on input line 108.
(c:/Users/Work/AppData/Roaming/TinyTeX/texmf-dist/tex/latex/lm/ot1lmr.fd
File: ot1lmr.fd 2015/05/01 v1.6.1 Font defs for Latin Modern
)
LaTeX Font Info:    Trying to load font information for OML+lmm on input line 108.
(c:/Users/Work/AppData/Roaming/TinyTeX/texmf-dist/tex/latex/lm/omllmm.fd
File: omllmm.fd 2015/05/01 v1.6.1 Font defs for Latin Modern
)
LaTeX Font Info:    Trying to load font information for OMS+lmsy on input line 108.
(c:/Users/Work/AppData/Roaming/TinyTeX/texmf-dist/tex/latex/lm/omslmsy.fd
File: omslmsy.fd 2015/05/01 v1.6.1 Font defs for Latin Modern
)
LaTeX Font Info:    Trying to load font information for OMX+lmex on input line 108.
(c:/Users/Work/AppData/Roaming/TinyTeX/texmf-dist/tex/latex/lm/omxlmex.fd
File: omxlmex.fd 2015/05/01 v1.6.1 Font defs for Latin Modern
)
LaTeX Font Info:    External font `lmex10' loaded for size
(Font)              <12> on input line 108.
LaTeX Font Info:    External font `lmex10' loaded for size
(Font)              <8> on input line 108.
LaTeX Font Info:    External font `lmex10' loaded for size
(Font)              <6> on input line 108.
LaTeX Font Info:    Trying to load font information for U+msa on input line 108.
(c:/Users/Work/AppData/Roaming/TinyTeX/texmf-dist/tex/latex/amsfonts/umsa.fd
File: umsa.fd 2013/01/14 v3.01 AMS symbols A
)
LaTeX Font Info:    Trying to load font information for U+msb on input line 108.
(c:/Users/Work/AppData/Roaming/TinyTeX/texmf-dist/tex/latex/amsfonts/umsb.fd
File: umsb.fd 2013/01/14 v3.01 AMS symbols B
)
LaTeX Font Info:    Trying to load font information for TS1+lmr on input line 144.
(c:/Users/Work/AppData/Roaming/TinyTeX/texmf-dist/tex/latex/lm/ts1lmr.fd
File: ts1lmr.fd 2015/05/01 v1.6.1 Font defs for Latin Modern
)
LaTeX Font Info:    External font `lmex10' loaded for size
(Font)              <10> on input line 154.
LaTeX Font Info:    External font `lmex10' loaded for size
(Font)              <7> on input line 154.
LaTeX Font Info:    External font `lmex10' loaded for size
(Font)              <5> on input line 154.
[1

{c:/Users/Work/AppData/Roaming/TinyTeX/texmf-var/fonts/map/pdftex/updmap/pdftex.map}]
Underfull \hbox (badness 2221) in paragraph at lines 165--177
\T1/lmr/m/n/10 im-pacts have been iden-ti-fied around the globe
 []


Underfull \hbox (badness 1796) in paragraph at lines 165--177
\T1/lmr/m/n/10 states (\T1/lmr/m/it/10 Wil-son et al., 2012; Mc-Dougall et al.,
 []


Underfull \hbox (badness 1033) in paragraph at lines 165--177
\T1/lmr/m/n/10 ecosys-tems and pre-vent fur-ther pathogen spread
 []


Underfull \hbox (badness 2088) in paragraph at lines 182--191
\T1/lmr/m/n/10 Symp-toms in-clude wilt-ing, de-creased fruit size,
 []

<Figures/Sedge X.australis.jpg, id=136, 1150.2975pt x 2055.68pt>
File: Figures/Sedge X.australis.jpg Graphic file (type jpg)
<use Figures/Sedge X.australis.jpg>
Package pdftex.def Info: Figures/Sedge X.australis.jpg  used on input line 211.
(pdftex.def)             Requested size: 183.89339pt x 328.63322pt.

Underfull \hbox (badness 1117) in paragraph at lines 222--231
\T1/lmr/m/n/10 Re-mote sens-ing can be em-ployed to cir-cum-vent
 []

<Figures/N or A floristics.jpg, id=137, 493.3632pt x 277.5168pt>
File: Figures/N or A floristics.jpg Graphic file (type jpg)
<use Figures/N or A floristics.jpg>
Package pdftex.def Info: Figures/N or A floristics.jpg  used on input line 234.
(pdftex.def)             Requested size: 229.87827pt x 129.30652pt.
<Figures/P floristics.jpg, id=138, 493.3632pt x 277.5168pt>
File: Figures/P floristics.jpg Graphic file (type jpg)
<use Figures/P floristics.jpg>
Package pdftex.def Info: Figures/P floristics.jpg  used on input line 234.
(pdftex.def)             Requested size: 229.87827pt x 129.30652pt.
<logo-unimelb.png, id=139, 579.16376pt x 150.5625pt>
File: logo-unimelb.png Graphic file (type png)
<use logo-unimelb.png>
Package pdftex.def Info: logo-unimelb.png  used on input line 240.
(pdftex.def)             Requested size: 109.44131pt x 28.45094pt.

Package fancyhdr Warning: \headheight is too small (18.0pt): 
(fancyhdr)                Make it at least 32.05098pt, for example:
(fancyhdr)                \setlength{\headheight}{32.05098pt}.
(fancyhdr)                You might also make \topmargin smaller to compensate:
(fancyhdr)                \addtolength{\topmargin}{-14.05098pt}.

[2

 <./logo-unimelb.png> <./Figures/Sedge X.australis.jpg>]
Underfull \hbox (badness 1997) in paragraph at lines 318--322
\T1/lmr/m/n/10 From this, Po-ten-tial Rel-a-tive Ra-di-a-tion (\T1/lmr/m/it/10 PRR\T1/lmr/m/n/10 )
 []

File: logo-unimelb.png Graphic file (type png)
<use logo-unimelb.png>
Package pdftex.def Info: logo-unimelb.png  used on input line 329.
(pdftex.def)             Requested size: 109.44131pt x 28.45094pt.

Package fancyhdr Warning: \headheight is too small (18.0pt): 
(fancyhdr)                Make it at least 32.05098pt, for example:
(fancyhdr)                \setlength{\headheight}{32.05098pt}.
(fancyhdr)                You might also make \topmargin smaller to compensate:
(fancyhdr)                \addtolength{\topmargin}{-14.05098pt}.

[3 <./Figures/N or A floristics.jpg> <./Figures/P floristics.jpg>]
Underfull \hbox (badness 1237) in paragraph at lines 417--419
[]\T1/lmr/m/n/10 Extract five key per-for-mance met-rics (Ap-
 []

File: logo-unimelb.png Graphic file (type png)
<use logo-unimelb.png>
Package pdftex.def Info: logo-unimelb.png  used on input line 424.
(pdftex.def)             Requested size: 109.44131pt x 28.45094pt.

Package fancyhdr Warning: \headheight is too small (18.0pt): 
(fancyhdr)                Make it at least 32.05098pt, for example:
(fancyhdr)                \setlength{\headheight}{32.05098pt}.
(fancyhdr)                You might also make \topmargin smaller to compensate:
(fancyhdr)                \addtolength{\topmargin}{-14.05098pt}.

[4]
<Figures/Study Area/Full Study Area Map.png, id=184, 1045.65656pt x 627.09282pt>
File: Figures/Study Area/Full Study Area Map.png Graphic file (type png)
<use Figures/Study Area/Full Study Area Map.png>
Package pdftex.def Info: Figures/Study Area/Full Study Area Map.png  used on input line 488.
(pdftex.def)             Requested size: 469.7593pt x 281.72029pt.
File: logo-unimelb.png Graphic file (type png)
<use logo-unimelb.png>
Package pdftex.def Info: logo-unimelb.png  used on input line 520.
(pdftex.def)             Requested size: 109.44131pt x 28.45094pt.

Package fancyhdr Warning: \headheight is too small (18.0pt): 
(fancyhdr)                Make it at least 32.05098pt, for example:
(fancyhdr)                \setlength{\headheight}{32.05098pt}.
(fancyhdr)                You might also make \topmargin smaller to compensate:
(fancyhdr)                \addtolength{\topmargin}{-14.05098pt}.

[5]
File: logo-unimelb.png Graphic file (type png)
<use logo-unimelb.png>
Package pdftex.def Info: logo-unimelb.png  used on input line 520.
(pdftex.def)             Requested size: 109.44131pt x 28.45094pt.

Package fancyhdr Warning: \headheight is too small (18.0pt): 
(fancyhdr)                Make it at least 32.05098pt, for example:
(fancyhdr)                \setlength{\headheight}{32.05098pt}.
(fancyhdr)                You might also make \topmargin smaller to compensate:
(fancyhdr)                \addtolength{\topmargin}{-14.05098pt}.

[6 <./Figures/Study Area/Full Study Area Map.png>]
<Figures/Unsupervised Analysis/intercorrelation heatmap.png, id=199, 749.80125pt x 605.26125pt>
File: Figures/Unsupervised Analysis/intercorrelation heatmap.png Graphic file (type png)
<use Figures/Unsupervised Analysis/intercorrelation heatmap.png>
Package pdftex.def Info: Figures/Unsupervised Analysis/intercorrelation heatmap.png  used on input line 593.
(pdftex.def)             Requested size: 229.8732pt x 185.56027pt.
<Figures/Unsupervised Analysis/intercorrelation dendrogram.png, id=200, 612.78937pt x 445.665pt>
File: Figures/Unsupervised Analysis/intercorrelation dendrogram.png Graphic file (type png)
<use Figures/Unsupervised Analysis/intercorrelation dendrogram.png>
Package pdftex.def Info: Figures/Unsupervised Analysis/intercorrelation dendrogram.png  used on input line 602.
(pdftex.def)             Requested size: 229.8796pt x 167.18517pt.
File: logo-unimelb.png Graphic file (type png)
<use logo-unimelb.png>
Package pdftex.def Info: logo-unimelb.png  used on input line 609.
(pdftex.def)             Requested size: 109.44131pt x 28.45094pt.

Package fancyhdr Warning: \headheight is too small (18.0pt): 
(fancyhdr)                Make it at least 32.05098pt, for example:
(fancyhdr)                \setlength{\headheight}{32.05098pt}.
(fancyhdr)                You might also make \topmargin smaller to compensate:
(fancyhdr)                \addtolength{\topmargin}{-14.05098pt}.

[7


 <./Figures/Unsupervised Analysis/intercorrelation heatmap.png> <./Figures/Unsupervised Analysis/intercorrelation dendrogram.png>]
<Figures/Unsupervised Analysis/Kruskal Wallis Pvalues.png, id=216, 750.55406pt x 605.26125pt>
File: Figures/Unsupervised Analysis/Kruskal Wallis Pvalues.png Graphic file (type png)
<use Figures/Unsupervised Analysis/Kruskal Wallis Pvalues.png>
Package pdftex.def Info: Figures/Unsupervised Analysis/Kruskal Wallis Pvalues.png  used on input line 621.
(pdftex.def)             Requested size: 229.87494pt x 185.37556pt.
<Figures/Unsupervised Analysis/Pairwise Wilcoxon heatmap.png, id=217, 750.55406pt x 605.26125pt>
File: Figures/Unsupervised Analysis/Pairwise Wilcoxon heatmap.png Graphic file (type png)
<use Figures/Unsupervised Analysis/Pairwise Wilcoxon heatmap.png>
Package pdftex.def Info: Figures/Unsupervised Analysis/Pairwise Wilcoxon heatmap.png  used on input line 630.
(pdftex.def)             Requested size: 229.87494pt x 185.37556pt.
<Figures/MNLR Metrics/mnlr all metrics.png, id=218, 750.55406pt x 605.26125pt>
File: Figures/MNLR Metrics/mnlr all metrics.png Graphic file (type png)
<use Figures/MNLR Metrics/mnlr all metrics.png>
Package pdftex.def Info: Figures/MNLR Metrics/mnlr all metrics.png  used on input line 650.
(pdftex.def)             Requested size: 229.87494pt x 185.37556pt.
<Figures/MNLR Metrics/mnlr feat imps.png, id=219, 750.55406pt x 605.26125pt>
File: Figures/MNLR Metrics/mnlr feat imps.png Graphic file (type png)
<use Figures/MNLR Metrics/mnlr feat imps.png>
Package pdftex.def Info: Figures/MNLR Metrics/mnlr feat imps.png  used on input line 659.
(pdftex.def)             Requested size: 229.87494pt x 185.37556pt.
File: logo-unimelb.png Graphic file (type png)
<use logo-unimelb.png>
Package pdftex.def Info: logo-unimelb.png  used on input line 673.
(pdftex.def)             Requested size: 109.44131pt x 28.45094pt.

Package fancyhdr Warning: \headheight is too small (18.0pt): 
(fancyhdr)                Make it at least 32.05098pt, for example:
(fancyhdr)                \setlength{\headheight}{32.05098pt}.
(fancyhdr)                You might also make \topmargin smaller to compensate:
(fancyhdr)                \addtolength{\topmargin}{-14.05098pt}.

[8 <./Figures/Unsupervised Analysis/Kruskal Wallis Pvalues.png> <./Figures/Unsupervised Analysis/Pairwise Wilcoxon heatmap.png> <./Figures/MNLR Metrics/mnlr all metrics.png (PNG copy)> <./Figures/MNLR Metrics/mnlr feat imps.png (PNG copy)>]
<Figures/NB Metrics/NB all metrics.png, id=234, 750.55406pt x 605.26125pt>
File: Figures/NB Metrics/NB all metrics.png Graphic file (type png)
<use Figures/NB Metrics/NB all metrics.png>
Package pdftex.def Info: Figures/NB Metrics/NB all metrics.png  used on input line 676.
(pdftex.def)             Requested size: 206.88974pt x 166.83986pt.
<Figures/kNN Metrics/knn all metrics.png, id=235, 750.55406pt x 605.26125pt>
File: Figures/kNN Metrics/knn all metrics.png Graphic file (type png)
<use Figures/kNN Metrics/knn all metrics.png>
Package pdftex.def Info: Figures/kNN Metrics/knn all metrics.png  used on input line 693.
(pdftex.def)             Requested size: 206.88974pt x 166.83986pt.
<Figures/DT Metrics/dt all metrics.png, id=236, 750.55406pt x 605.26125pt>
File: Figures/DT Metrics/dt all metrics.png Graphic file (type png)
<use Figures/DT Metrics/dt all metrics.png>
Package pdftex.def Info: Figures/DT Metrics/dt all metrics.png  used on input line 714.
(pdftex.def)             Requested size: 206.88974pt x 166.83986pt.
<Figures/DT Metrics/dt feat imps.png, id=237, 750.55406pt x 605.26125pt>
File: Figures/DT Metrics/dt feat imps.png Graphic file (type png)
<use Figures/DT Metrics/dt feat imps.png>
Package pdftex.def Info: Figures/DT Metrics/dt feat imps.png  used on input line 723.
(pdftex.def)             Requested size: 229.87494pt x 185.37556pt.
File: logo-unimelb.png Graphic file (type png)
<use logo-unimelb.png>
Package pdftex.def Info: logo-unimelb.png  used on input line 761.
(pdftex.def)             Requested size: 109.44131pt x 28.45094pt.

Package fancyhdr Warning: \headheight is too small (18.0pt): 
(fancyhdr)                Make it at least 32.05098pt, for example:
(fancyhdr)                \setlength{\headheight}{32.05098pt}.
(fancyhdr)                You might also make \topmargin smaller to compensate:
(fancyhdr)                \addtolength{\topmargin}{-14.05098pt}.

[9 <./Figures/NB Metrics/nb all metrics.png (PNG copy)> <./Figures/KNN Metrics/knn all metrics.png (PNG copy)> <./Figures/DT Metrics/dt all metrics.png (PNG copy)> <./Figures/DT Metrics/dt feat imps.png (PNG copy)>]
<Figures/RF Metrics/rf all metrics.png, id=246, 750.55406pt x 605.26125pt>
File: Figures/RF Metrics/rf all metrics.png Graphic file (type png)
<use Figures/RF Metrics/rf all metrics.png>
Package pdftex.def Info: Figures/RF Metrics/rf all metrics.png  used on input line 764.
(pdftex.def)             Requested size: 229.87494pt x 185.37556pt.
<Figures/RF Metrics/rf opt feat imps.png, id=247, 750.55406pt x 605.26125pt>
File: Figures/RF Metrics/rf opt feat imps.png Graphic file (type png)
<use Figures/RF Metrics/rf opt feat imps.png>
Package pdftex.def Info: Figures/RF Metrics/rf opt feat imps.png  used on input line 773.
(pdftex.def)             Requested size: 229.87494pt x 185.37556pt.
<Figures/SVM Metrics/svm all metrics.png, id=248, 750.55406pt x 605.26125pt>
File: Figures/SVM Metrics/svm all metrics.png Graphic file (type png)
<use Figures/SVM Metrics/svm all metrics.png>
Package pdftex.def Info: Figures/SVM Metrics/svm all metrics.png  used on input line 792.
(pdftex.def)             Requested size: 229.87494pt x 185.37556pt.
File: logo-unimelb.png Graphic file (type png)
<use logo-unimelb.png>
Package pdftex.def Info: logo-unimelb.png  used on input line 809.
(pdftex.def)             Requested size: 109.44131pt x 28.45094pt.

Package fancyhdr Warning: \headheight is too small (18.0pt): 
(fancyhdr)                Make it at least 32.05098pt, for example:
(fancyhdr)                \setlength{\headheight}{32.05098pt}.
(fancyhdr)                You might also make \topmargin smaller to compensate:
(fancyhdr)                \addtolength{\topmargin}{-14.05098pt}.

[10 <./Figures/RF Metrics/rf all metrics.png (PNG copy)> <./Figures/RF Metrics/rf opt feat imps.png (PNG copy)> <./Figures/SVM Metrics/svm all metrics.png (PNG copy)>]
<Figures/NN Metrics/nn all metrics.png, id=257, 750.55406pt x 605.26125pt>
File: Figures/NN Metrics/nn all metrics.png Graphic file (type png)
<use Figures/NN Metrics/nn all metrics.png>
Package pdftex.def Info: Figures/NN Metrics/nn all metrics.png  used on input line 812.
(pdftex.def)             Requested size: 229.87494pt x 185.37556pt.
<Figures/NN Metrics/nn feat imps.png, id=258, 750.55406pt x 605.26125pt>
File: Figures/NN Metrics/nn feat imps.png Graphic file (type png)
<use Figures/NN Metrics/nn feat imps.png>
Package pdftex.def Info: Figures/NN Metrics/nn feat imps.png  used on input line 821.
(pdftex.def)             Requested size: 229.87494pt x 185.37556pt.
<Figures/Best Model Metrics/best dot plot.png, id=259, 750.55406pt x 605.26125pt>
File: Figures/Best Model Metrics/best dot plot.png Graphic file (type png)
<use Figures/Best Model Metrics/best dot plot.png>
Package pdftex.def Info: Figures/Best Model Metrics/best dot plot.png  used on input line 840.
(pdftex.def)             Requested size: 229.87494pt x 185.37556pt.
<Figures/Best Model Metrics/site 2 samples.png, id=260, 750.55406pt x 605.26125pt>
File: Figures/Best Model Metrics/site 2 samples.png Graphic file (type png)
<use Figures/Best Model Metrics/site 2 samples.png>
Package pdftex.def Info: Figures/Best Model Metrics/site 2 samples.png  used on input line 870.
(pdftex.def)             Requested size: 229.87494pt x 185.37556pt.
File: logo-unimelb.png Graphic file (type png)
<use logo-unimelb.png>
Package pdftex.def Info: logo-unimelb.png  used on input line 876.
(pdftex.def)             Requested size: 109.44131pt x 28.45094pt.

Package fancyhdr Warning: \headheight is too small (18.0pt): 
(fancyhdr)                Make it at least 32.05098pt, for example:
(fancyhdr)                \setlength{\headheight}{32.05098pt}.
(fancyhdr)                You might also make \topmargin smaller to compensate:
(fancyhdr)                \addtolength{\topmargin}{-14.05098pt}.

[11 <./Figures/NN Metrics/nn all metrics.png (PNG copy)> <./Figures/NN Metrics/nn feat imps.png (PNG copy)> <./Figures/Best Model Metrics/best dot plot.png (PNG copy)>]
File: logo-unimelb.png Graphic file (type png)
<use logo-unimelb.png>
Package pdftex.def Info: logo-unimelb.png  used on input line 947.
(pdftex.def)             Requested size: 109.44131pt x 28.45094pt.

Package fancyhdr Warning: \headheight is too small (18.0pt): 
(fancyhdr)                Make it at least 32.05098pt, for example:
(fancyhdr)                \setlength{\headheight}{32.05098pt}.
(fancyhdr)                You might also make \topmargin smaller to compensate:
(fancyhdr)                \addtolength{\topmargin}{-14.05098pt}.

[12 <./Figures/Best Model Metrics/site 2 samples.png>]
LaTeX Font Info:    Trying to load font information for T1+ppl on input line 975.
(c:/Users/Work/AppData/Roaming/TinyTeX/texmf-dist/tex/latex/psnfss/t1ppl.fd
File: t1ppl.fd 2001/06/04 font definitions for T1/ppl.
)
Underfull \hbox (badness 10000) in paragraph at lines 977--981
\T1/ppl/m/n/8 Australian De-part-ment of the En-vi-ron-ment and En-ergy.
 []


Underfull \hbox (badness 10000) in paragraph at lines 977--981
\T1/ppl/m/n/8 (2018). Threat abate-ment plan for dis-ease in nat-u-ral
 []


Underfull \hbox (badness 1478) in paragraph at lines 977--981
\T1/ppl/m/n/8 ecosys-tems caused by Phy-toph-thora cin-namomi. Re-trieved
 []


Underfull \hbox (badness 10000) in paragraph at lines 977--981
\T1/ppl/m/n/8 from www.awe.gov.au/sites/default/files/documents/tap-
 []


Underfull \hbox (badness 1371) in paragraph at lines 996--1001
[]\T1/ppl/m/n/8 Cahill, D. M., Rookes, J. E., Wil-son, B. A., Gib-son, L., &
 []


Underfull \hbox (badness 4429) in paragraph at lines 996--1001
\T1/ppl/m/n/8 Mc-Dougall, K. L. (2008). Phy-toph-thora cin-namomi and
 []


Underfull \hbox (badness 2856) in paragraph at lines 996--1001
\T1/ppl/m/n/8 Aus-tralia's bio-di-ver-sity: im-pacts, pre-dic-tions and progress
 []


Underfull \hbox (badness 3209) in paragraph at lines 996--1001
\T1/ppl/m/n/8 to-wards con-trol. \T1/ppl/m/it/8 Aus-tralian Jour-nal of Botany\T1/ppl/m/n/8 , \T1/ppl/m/it/8 56\T1/ppl/m/n/8 (4), 279.
 []

LaTeX Font Info:    Trying to load font information for TS1+ppl on input line 1038.
(c:/Users/Work/AppData/Roaming/TinyTeX/texmf-dist/tex/latex/psnfss/ts1ppl.fd
File: ts1ppl.fd 2001/06/04 font definitions for TS1/ppl.
)
Underfull \hbox (badness 1845) in paragraph at lines 1036--1040
[]\T1/ppl/m/n/8 Lindenthal, M., Steiner, U., Dehne, H.-W. ., & Oerke, E.-
 []


Underfull \hbox (badness 2443) in paragraph at lines 1036--1040
\T1/ppl/m/n/8 C. . (2005). Ef-fect of Downy Mildew De-vel-op-ment on
 []


Underfull \hbox (badness 7981) in paragraph at lines 1036--1040
\T1/ppl/m/n/8 Tran-spi-ra-tion of Cu-cum-ber Leaves Vi-su-al-ized by Dig-i-tal
 []


Underfull \hbox (badness 5637) in paragraph at lines 1036--1040
\T1/ppl/m/n/8 In-frared Ther-mog-ra-phy. \T1/ppl/m/it/8 Phy-topathol-ogy\TS1/ppl/m/it/8 ®\T1/ppl/m/n/8 , \T1/ppl/m/it/8 95\T1/ppl/m/n/8 (3), 233--240.
 []

File: logo-unimelb.png Graphic file (type png)
<use logo-unimelb.png>
Package pdftex.def Info: logo-unimelb.png  used on input line 1051.
(pdftex.def)             Requested size: 109.44131pt x 28.45094pt.

Package fancyhdr Warning: \headheight is too small (18.0pt): 
(fancyhdr)                Make it at least 32.05098pt, for example:
(fancyhdr)                \setlength{\headheight}{32.05098pt}.
(fancyhdr)                You might also make \topmargin smaller to compensate:
(fancyhdr)                \addtolength{\topmargin}{-14.05098pt}.

[13]
Underfull \hbox (badness 4132) in paragraph at lines 1058--1060
[]\T1/ppl/m/n/8 Phytophthora cin-namomi (Phy-toph-thora dieback). (2020).
 []


Underfull \hbox (badness 10000) in paragraph at lines 1087--1091
[]\T1/ppl/m/n/8 Scarlett, K., Daniel, R., Shut-tle-worth, L. A., Roy, B.,
 []


Underfull \hbox (badness 4024) in paragraph at lines 1087--1091
\T1/ppl/m/n/8 Bishop, T. F. A., & Guest, D. I. (2015). Phy-toph-thora
 []


Underfull \hbox (badness 10000) in paragraph at lines 1087--1091
\T1/ppl/m/n/8 in the Gond-wana Rain-forests of Aus-tralia World Her-
 []


Underfull \hbox (badness 5077) in paragraph at lines 1087--1091
\T1/ppl/m/n/8 itage Area. \T1/ppl/m/it/8 Aus-tralasian Plant Pathol-ogy\T1/ppl/m/n/8 , \T1/ppl/m/it/8 44\T1/ppl/m/n/8 (3), 335--348.
 []


Underfull \hbox (badness 5331) in paragraph at lines 1092--1097
\T1/ppl/m/n/8 tifi-ca-tion of the sus-cep-ti-bil-ity of the na-tive flora of the
 []


Underfull \hbox (badness 3068) in paragraph at lines 1092--1097
\T1/ppl/m/n/8 South-West Botan-i-cal Province, West-ern Aus-tralia, to Phy-
 []

File: logo-unimelb.png Graphic file (type png)
<use logo-unimelb.png>
Package pdftex.def Info: logo-unimelb.png  used on input line 1132.
(pdftex.def)             Requested size: 109.44131pt x 28.45094pt.

Package fancyhdr Warning: \headheight is too small (18.0pt): 
(fancyhdr)                Make it at least 32.05098pt, for example:
(fancyhdr)                \setlength{\headheight}{32.05098pt}.
(fancyhdr)                You might also make \topmargin smaller to compensate:
(fancyhdr)                \addtolength{\topmargin}{-14.05098pt}.

[14]
File: logo-unimelb.png Graphic file (type png)
<use logo-unimelb.png>
Package pdftex.def Info: logo-unimelb.png  used on input line 1186.
(pdftex.def)             Requested size: 109.44131pt x 28.45094pt.

Package fancyhdr Warning: \headheight is too small (18.0pt): 
(fancyhdr)                Make it at least 32.05098pt, for example:
(fancyhdr)                \setlength{\headheight}{32.05098pt}.
(fancyhdr)                You might also make \topmargin smaller to compensate:
(fancyhdr)                \addtolength{\topmargin}{-14.05098pt}.

[15

] (./Main-Report.aux)
Package rerunfilecheck Info: File `Main-Report.out' has not changed.
(rerunfilecheck)             Checksum: F711D5A64AC282153531EA7FFC169CA3;4386.
 ) 
Here is how much of TeX's memory you used:
 15581 strings out of 480253
 264511 string characters out of 5892773
 650865 words of memory out of 5000000
 33076 multiletter control sequences out of 15000+600000
 544843 words of font info for 81 fonts, out of 8000000 for 9000
 14 hyphenation exceptions out of 8191
 72i,17n,77p,389b,397s stack positions out of 10000i,1000n,20000p,200000b,200000s
{c:/Users/Work/AppData/Roaming/TinyTeX/texmf-dist/fonts/enc/dvips/base/8r.enc}{c:/Users/Work/AppData/Roaming/TinyTeX/texmf-dist/fonts/enc/dvips/lm/lm-mathsy.enc}{c:/Users/Work/AppData/Roaming/TinyTeX/texmf-dist/fonts/enc/dvips/lm/lm-rm.enc}{c:/Users/Work/AppData/Roaming/TinyTeX/texmf-dist/fonts/enc/dvips/lm/lm-mathit.enc}{c:/Users/Work/AppData/Roaming/TinyTeX/texmf-dist/fonts/enc/dvips/lm/lm-mathex.enc}{c:/Users/Work/AppData/Roaming/TinyTeX/texmf-dist/fonts/enc/dvips/lm/lm-ec.enc}{c:/Users/Work/AppData/Roaming/TinyTeX/texmf-dist/fonts/enc/dvips/lm/lm-ts1.enc}<c:/Users/Work/AppData/Roaming/TinyTeX/texmf-dist/fonts/type1/public/lm/lmbx12.pfb><c:/Users/Work/AppData/Roaming/TinyTeX/texmf-dist/fonts/type1/public/lm/lmbxi10.pfb><c:/Users/Work/AppData/Roaming/TinyTeX/texmf-dist/fonts/type1/public/lm/lmex10.pfb><c:/Users/Work/AppData/Roaming/TinyTeX/texmf-dist/fonts/type1/public/lm/lmmi10.pfb><c:/Users/Work/AppData/Roaming/TinyTeX/texmf-dist/fonts/type1/public/lm/lmmi7.pfb><c:/Users/Work/AppData/Roaming/TinyTeX/texmf-dist/fonts/type1/public/lm/lmmi8.pfb><c:/Users/Work/AppData/Roaming/TinyTeX/texmf-dist/fonts/type1/public/lm/lmr10.pfb><c:/Users/Work/AppData/Roaming/TinyTeX/texmf-dist/fonts/type1/public/lm/lmr12.pfb><c:/Users/Work/AppData/Roaming/TinyTeX/texmf-dist/fonts/type1/public/lm/lmr17.pfb><c:/Users/Work/AppData/Roaming/TinyTeX/texmf-dist/fonts/type1/public/lm/lmr7.pfb><c:/Users/Work/AppData/Roaming/TinyTeX/texmf-dist/fonts/type1/public/lm/lmr8.pfb><c:/Users/Work/AppData/Roaming/TinyTeX/texmf-dist/fonts/type1/public/lm/lmri10.pfb><c:/Users/Work/AppData/Roaming/TinyTeX/texmf-dist/fonts/type1/public/lm/lmri12.pfb><c:/Users/Work/AppData/Roaming/TinyTeX/texmf-dist/fonts/type1/public/lm/lmro10.pfb><c:/Users/Work/AppData/Roaming/TinyTeX/texmf-dist/fonts/type1/public/lm/lmsy10.pfb><c:/Users/Work/AppData/Roaming/TinyTeX/texmf-dist/fonts/type1/public/lm/lmsy8.pfb><c:/Users/Work/AppData/Roaming/TinyTeX/texmf-dist/fonts/type1/urw/palatino/uplr8a.pfb><c:/Users/Work/AppData/Roaming/TinyTeX/texmf-dist/fonts/type1/urw/palatino/uplri8a.pfb>
Output written on Main-Report.pdf (15 pages, 4633585 bytes).
PDF statistics:
 461 PDF objects out of 1000 (max. 8388607)
 371 compressed objects within 4 object streams
 110 named destinations out of 1000 (max. 500000)
 343 words of extra memory for PDF output out of 10000 (max. 10000000)

