This is pdfTeX, Version 3.141592653-2.6-1.40.24 (TeX Live 2022) (preloaded format=pdflatex 2022.6.9)  10 JUN 2022 09:53
entering extended mode
 restricted \write18 enabled.
 %&-line parsing enabled.
**Supplementary-Figures.tex
(./Supplementary-Figures.tex
LaTeX2e <2021-11-15> patch level 1
L3 programming layer <2022-06-02> (c:/Users/Work/AppData/Roaming/TinyTeX/texmf-dist/tex/latex/base/article.cls
Document Class: article 2021/10/04 v1.4n Standard LaTeX document class
(c:/Users/Work/AppData/Roaming/TinyTeX/texmf-dist/tex/latex/base/size10.clo
File: size10.clo 2021/10/04 v1.4n Standard LaTeX file (size option)
)
\c@part=\count185
\c@section=\count186
\c@subsection=\count187
\c@subsubsection=\count188
\c@paragraph=\count189
\c@subparagraph=\count190
\c@figure=\count191
\c@table=\count192
\abovecaptionskip=\skip47
\belowcaptionskip=\skip48
\bibindent=\dimen138
) (c:/Users/Work/AppData/Roaming/TinyTeX/texmf-dist/tex/latex/amsmath/amsmath.sty
Package: amsmath 2021/10/15 v2.17l AMS math features
\@mathmargin=\skip49
For additional information on amsmath, use the `?' option.
(c:/Users/Work/AppData/Roaming/TinyTeX/texmf-dist/tex/latex/amsmath/amstext.sty
Package: amstext 2021/08/26 v2.01 AMS text
(c:/Users/Work/AppData/Roaming/TinyTeX/texmf-dist/tex/latex/amsmath/amsgen.sty
File: amsgen.sty 1999/11/30 v2.0 generic functions
\@emptytoks=\toks16
\ex@=\dimen139
)) (c:/Users/Work/AppData/Roaming/TinyTeX/texmf-dist/tex/latex/amsmath/amsbsy.sty
Package: amsbsy 1999/11/29 v1.2d Bold Symbols
\pmbraise@=\dimen140
) (c:/Users/Work/AppData/Roaming/TinyTeX/texmf-dist/tex/latex/amsmath/amsopn.sty
Package: amsopn 2021/08/26 v2.02 operator names
)
\inf@bad=\count193
LaTeX Info: Redefining \frac on input line 234.
\uproot@=\count194
\leftroot@=\count195
LaTeX Info: Redefining \overline on input line 399.
\classnum@=\count196
\DOTSCASE@=\count197
LaTeX Info: Redefining \ldots on input line 496.
LaTeX Info: Redefining \dots on input line 499.
LaTeX Info: Redefining \cdots on input line 620.
\Mathstrutbox@=\box50
\strutbox@=\box51
\big@size=\dimen141
LaTeX Font Info:    Redeclaring font encoding OML on input line 743.
LaTeX Font Info:    Redeclaring font encoding OMS on input line 744.
\macc@depth=\count198
\c@MaxMatrixCols=\count199
\dotsspace@=\muskip16
\c@parentequation=\count266
\dspbrk@lvl=\count267
\tag@help=\toks17
\row@=\count268
\column@=\count269
\maxfields@=\count270
\andhelp@=\toks18
\eqnshift@=\dimen142
\alignsep@=\dimen143
\tagshift@=\dimen144
\tagwidth@=\dimen145
\totwidth@=\dimen146
\lineht@=\dimen147
\@envbody=\toks19
\multlinegap=\skip50
\multlinetaggap=\skip51
\mathdisplay@stack=\toks20
LaTeX Info: Redefining \[ on input line 2938.
LaTeX Info: Redefining \] on input line 2939.
) (c:/Users/Work/AppData/Roaming/TinyTeX/texmf-dist/tex/latex/amsfonts/amssymb.sty
Package: amssymb 2013/01/14 v3.01 AMS font symbols
(c:/Users/Work/AppData/Roaming/TinyTeX/texmf-dist/tex/latex/amsfonts/amsfonts.sty
Package: amsfonts 2013/01/14 v3.01 Basic AMSFonts support
\symAMSa=\mathgroup4
\symAMSb=\mathgroup5
LaTeX Font Info:    Redeclaring math symbol \hbar on input line 98.
LaTeX Font Info:    Overwriting math alphabet `\mathfrak' in version `bold'
(Font)                  U/euf/m/n --> U/euf/b/n on input line 106.
)) (c:/Users/Work/AppData/Roaming/TinyTeX/texmf-dist/tex/latex/lm/lmodern.sty
Package: lmodern 2015/05/01 v1.6.1 Latin Modern Fonts
LaTeX Font Info:    Overwriting symbol font `operators' in version `normal'
(Font)                  OT1/cmr/m/n --> OT1/lmr/m/n on input line 22.
LaTeX Font Info:    Overwriting symbol font `letters' in version `normal'
(Font)                  OML/cmm/m/it --> OML/lmm/m/it on input line 23.
LaTeX Font Info:    Overwriting symbol font `symbols' in version `normal'
(Font)                  OMS/cmsy/m/n --> OMS/lmsy/m/n on input line 24.
LaTeX Font Info:    Overwriting symbol font `largesymbols' in version `normal'
(Font)                  OMX/cmex/m/n --> OMX/lmex/m/n on input line 25.
LaTeX Font Info:    Overwriting symbol font `operators' in version `bold'
(Font)                  OT1/cmr/bx/n --> OT1/lmr/bx/n on input line 26.
LaTeX Font Info:    Overwriting symbol font `letters' in version `bold'
(Font)                  OML/cmm/b/it --> OML/lmm/b/it on input line 27.
LaTeX Font Info:    Overwriting symbol font `symbols' in version `bold'
(Font)                  OMS/cmsy/b/n --> OMS/lmsy/b/n on input line 28.
LaTeX Font Info:    Overwriting symbol font `largesymbols' in version `bold'
(Font)                  OMX/cmex/m/n --> OMX/lmex/m/n on input line 29.
LaTeX Font Info:    Overwriting math alphabet `\mathbf' in version `normal'
(Font)                  OT1/cmr/bx/n --> OT1/lmr/bx/n on input line 31.
LaTeX Font Info:    Overwriting math alphabet `\mathsf' in version `normal'
(Font)                  OT1/cmss/m/n --> OT1/lmss/m/n on input line 32.
LaTeX Font Info:    Overwriting math alphabet `\mathit' in version `normal'
(Font)                  OT1/cmr/m/it --> OT1/lmr/m/it on input line 33.
LaTeX Font Info:    Overwriting math alphabet `\mathtt' in version `normal'
(Font)                  OT1/cmtt/m/n --> OT1/lmtt/m/n on input line 34.
LaTeX Font Info:    Overwriting math alphabet `\mathbf' in version `bold'
(Font)                  OT1/cmr/bx/n --> OT1/lmr/bx/n on input line 35.
LaTeX Font Info:    Overwriting math alphabet `\mathsf' in version `bold'
(Font)                  OT1/cmss/bx/n --> OT1/lmss/bx/n on input line 36.
LaTeX Font Info:    Overwriting math alphabet `\mathit' in version `bold'
(Font)                  OT1/cmr/bx/it --> OT1/lmr/bx/it on input line 37.
LaTeX Font Info:    Overwriting math alphabet `\mathtt' in version `bold'
(Font)                  OT1/cmtt/m/n --> OT1/lmtt/m/n on input line 38.
) (c:/Users/Work/AppData/Roaming/TinyTeX/texmf-dist/tex/generic/iftex/iftex.sty
Package: iftex 2022/02/03 v1.0f TeX engine tests
) (c:/Users/Work/AppData/Roaming/TinyTeX/texmf-dist/tex/latex/base/fontenc.sty
Package: fontenc 2021/04/29 v2.0v Standard LaTeX package
LaTeX Font Info:    Trying to load font information for T1+lmr on input line 112.
(c:/Users/Work/AppData/Roaming/TinyTeX/texmf-dist/tex/latex/lm/t1lmr.fd
File: t1lmr.fd 2015/05/01 v1.6.1 Font defs for Latin Modern
)) (c:/Users/Work/AppData/Roaming/TinyTeX/texmf-dist/tex/latex/base/inputenc.sty
Package: inputenc 2021/02/14 v1.3d Input encoding file
\inpenc@prehook=\toks21
\inpenc@posthook=\toks22
) (c:/Users/Work/AppData/Roaming/TinyTeX/texmf-dist/tex/latex/base/textcomp.sty
Package: textcomp 2020/02/02 v2.0n Standard LaTeX package
) (c:/Users/Work/AppData/Roaming/TinyTeX/texmf-dist/tex/latex/xcolor/xcolor.sty
Package: xcolor 2021/10/31 v2.13 LaTeX color extensions (UK)
(c:/Users/Work/AppData/Roaming/TinyTeX/texmf-dist/tex/latex/graphics-cfg/color.cfg
File: color.cfg 2016/01/02 v1.6 sample color configuration
)
Package xcolor Info: Driver file: pdftex.def on input line 227.
(c:/Users/Work/AppData/Roaming/TinyTeX/texmf-dist/tex/latex/graphics-def/pdftex.def
File: pdftex.def 2020/10/05 v1.2a Graphics/color driver for pdftex
)
Package xcolor Info: Model `cmy' substituted by `cmy0' on input line 1352.
Package xcolor Info: Model `hsb' substituted by `rgb' on input line 1356.
Package xcolor Info: Model `RGB' extended on input line 1368.
Package xcolor Info: Model `HTML' substituted by `rgb' on input line 1370.
Package xcolor Info: Model `Hsb' substituted by `hsb' on input line 1371.
Package xcolor Info: Model `tHsb' substituted by `hsb' on input line 1372.
Package xcolor Info: Model `HSB' substituted by `hsb' on input line 1373.
Package xcolor Info: Model `Gray' substituted by `gray' on input line 1374.
Package xcolor Info: Model `wave' substituted by `hsb' on input line 1375.
) (c:/Users/Work/AppData/Roaming/TinyTeX/texmf-dist/tex/latex/hyperref/hyperref.sty
Package: hyperref 2022-05-17 v7.00q Hypertext links for LaTeX
(c:/Users/Work/AppData/Roaming/TinyTeX/texmf-dist/tex/generic/ltxcmds/ltxcmds.sty
Package: ltxcmds 2020-05-10 v1.25 LaTeX kernel commands for general use (HO)
) (c:/Users/Work/AppData/Roaming/TinyTeX/texmf-dist/tex/generic/pdftexcmds/pdftexcmds.sty
Package: pdftexcmds 2020-06-27 v0.33 Utility functions of pdfTeX for LuaTeX (HO)
(c:/Users/Work/AppData/Roaming/TinyTeX/texmf-dist/tex/generic/infwarerr/infwarerr.sty
Package: infwarerr 2019/12/03 v1.5 Providing info/warning/error messages (HO)
)
Package pdftexcmds Info: \pdf@primitive is available.
Package pdftexcmds Info: \pdf@ifprimitive is available.
Package pdftexcmds Info: \pdfdraftmode found.
) (c:/Users/Work/AppData/Roaming/TinyTeX/texmf-dist/tex/latex/graphics/keyval.sty
Package: keyval 2014/10/28 v1.15 key=value parser (DPC)
\KV@toks@=\toks23
) (c:/Users/Work/AppData/Roaming/TinyTeX/texmf-dist/tex/generic/kvsetkeys/kvsetkeys.sty
Package: kvsetkeys 2019/12/15 v1.18 Key value parser (HO)
) (c:/Users/Work/AppData/Roaming/TinyTeX/texmf-dist/tex/generic/kvdefinekeys/kvdefinekeys.sty
Package: kvdefinekeys 2019-12-19 v1.6 Define keys (HO)
) (c:/Users/Work/AppData/Roaming/TinyTeX/texmf-dist/tex/generic/pdfescape/pdfescape.sty
Package: pdfescape 2019/12/09 v1.15 Implements pdfTeX's escape features (HO)
) (c:/Users/Work/AppData/Roaming/TinyTeX/texmf-dist/tex/latex/hycolor/hycolor.sty
Package: hycolor 2020-01-27 v1.10 Color options for hyperref/bookmark (HO)
) (c:/Users/Work/AppData/Roaming/TinyTeX/texmf-dist/tex/latex/letltxmacro/letltxmacro.sty
Package: letltxmacro 2019/12/03 v1.6 Let assignment for LaTeX macros (HO)
) (c:/Users/Work/AppData/Roaming/TinyTeX/texmf-dist/tex/latex/auxhook/auxhook.sty
Package: auxhook 2019-12-17 v1.6 Hooks for auxiliary files (HO)
) (c:/Users/Work/AppData/Roaming/TinyTeX/texmf-dist/tex/latex/hyperref/nameref.sty
Package: nameref 2022-05-17 v2.50 Cross-referencing by name of section
(c:/Users/Work/AppData/Roaming/TinyTeX/texmf-dist/tex/latex/refcount/refcount.sty
Package: refcount 2019/12/15 v3.6 Data extraction from label references (HO)
) (c:/Users/Work/AppData/Roaming/TinyTeX/texmf-dist/tex/generic/gettitlestring/gettitlestring.sty
Package: gettitlestring 2019/12/15 v1.6 Cleanup title references (HO)
(c:/Users/Work/AppData/Roaming/TinyTeX/texmf-dist/tex/latex/kvoptions/kvoptions.sty
Package: kvoptions 2020-10-07 v3.14 Key value format for package options (HO)
))
\c@section@level=\count271
)
\@linkdim=\dimen148
\Hy@linkcounter=\count272
\Hy@pagecounter=\count273
(c:/Users/Work/AppData/Roaming/TinyTeX/texmf-dist/tex/latex/hyperref/pd1enc.def
File: pd1enc.def 2022-05-17 v7.00q Hyperref: PDFDocEncoding definition (HO)
Now handling font encoding PD1 ...
... no UTF-8 mapping file for font encoding PD1
) (c:/Users/Work/AppData/Roaming/TinyTeX/texmf-dist/tex/generic/intcalc/intcalc.sty
Package: intcalc 2019/12/15 v1.3 Expandable calculations with integers (HO)
) (c:/Users/Work/AppData/Roaming/TinyTeX/texmf-dist/tex/generic/etexcmds/etexcmds.sty
Package: etexcmds 2019/12/15 v1.7 Avoid name clashes with e-TeX commands (HO)
)
\Hy@SavedSpaceFactor=\count274
(c:/Users/Work/AppData/Roaming/TinyTeX/texmf-dist/tex/latex/hyperref/puenc.def
File: puenc.def 2022-05-17 v7.00q Hyperref: PDF Unicode definition (HO)
Now handling font encoding PU ...
... no UTF-8 mapping file for font encoding PU
)
Package hyperref Info: Option `unicode' set `true' on input line 4020.
Package hyperref Info: Hyper figures OFF on input line 4139.
Package hyperref Info: Link nesting OFF on input line 4144.
Package hyperref Info: Hyper index ON on input line 4147.
Package hyperref Info: Plain pages OFF on input line 4154.
Package hyperref Info: Backreferencing OFF on input line 4159.
Package hyperref Info: Implicit mode ON; LaTeX internals redefined.
Package hyperref Info: Bookmarks ON on input line 4385.
\c@Hy@tempcnt=\count275
(c:/Users/Work/AppData/Roaming/TinyTeX/texmf-dist/tex/latex/url/url.sty
\Urlmuskip=\muskip17
Package: url 2013/09/16  ver 3.4  Verb mode for urls, etc.
)
LaTeX Info: Redefining \url on input line 4723.
\XeTeXLinkMargin=\dimen149
(c:/Users/Work/AppData/Roaming/TinyTeX/texmf-dist/tex/generic/bitset/bitset.sty
Package: bitset 2019/12/09 v1.3 Handle bit-vector datatype (HO)
(c:/Users/Work/AppData/Roaming/TinyTeX/texmf-dist/tex/generic/bigintcalc/bigintcalc.sty
Package: bigintcalc 2019/12/15 v1.5 Expandable calculations on big integers (HO)
))
\Fld@menulength=\count276
\Field@Width=\dimen150
\Fld@charsize=\dimen151
Package hyperref Info: Hyper figures OFF on input line 6001.
Package hyperref Info: Link nesting OFF on input line 6006.
Package hyperref Info: Hyper index ON on input line 6009.
Package hyperref Info: backreferencing OFF on input line 6016.
Package hyperref Info: Link coloring OFF on input line 6021.
Package hyperref Info: Link coloring with OCG OFF on input line 6026.
Package hyperref Info: PDF/A mode OFF on input line 6031.
LaTeX Info: Redefining \ref on input line 6078.
LaTeX Info: Redefining \pageref on input line 6078.
(c:/Users/Work/AppData/Roaming/TinyTeX/texmf-dist/tex/latex/base/atbegshi-ltx.sty
Package: atbegshi-ltx 2021/01/10 v1.0c Emulation of the original atbegshi
package with kernel methods
)
\Hy@abspage=\count277
\c@Item=\count278
\c@Hfootnote=\count279
)
Package hyperref Info: Driver (autodetected): hpdftex.
(c:/Users/Work/AppData/Roaming/TinyTeX/texmf-dist/tex/latex/hyperref/hpdftex.def
File: hpdftex.def 2022-05-17 v7.00q Hyperref driver for pdfTeX
(c:/Users/Work/AppData/Roaming/TinyTeX/texmf-dist/tex/latex/base/atveryend-ltx.sty
Package: atveryend-ltx 2020/08/19 v1.0a Emulation of the original atveryend package
with kernel methods
)
\Fld@listcount=\count280
\c@bookmark@seq@number=\count281
(c:/Users/Work/AppData/Roaming/TinyTeX/texmf-dist/tex/latex/rerunfilecheck/rerunfilecheck.sty
Package: rerunfilecheck 2019/12/05 v1.9 Rerun checks for auxiliary files (HO)
(c:/Users/Work/AppData/Roaming/TinyTeX/texmf-dist/tex/generic/uniquecounter/uniquecounter.sty
Package: uniquecounter 2019/12/15 v1.4 Provide unlimited unique counter (HO)
)
Package uniquecounter Info: New unique counter `rerunfilecheck' on input line 286.
)
\Hy@SectionHShift=\skip52
) (c:/Users/Work/AppData/Roaming/TinyTeX/texmf-dist/tex/latex/geometry/geometry.sty
Package: geometry 2020/01/02 v5.9 Page Geometry
(c:/Users/Work/AppData/Roaming/TinyTeX/texmf-dist/tex/generic/iftex/ifvtex.sty
Package: ifvtex 2019/10/25 v1.7 ifvtex legacy package. Use iftex instead.
)
\Gm@cnth=\count282
\Gm@cntv=\count283
\c@Gm@tempcnt=\count284
\Gm@bindingoffset=\dimen152
\Gm@wd@mp=\dimen153
\Gm@odd@mp=\dimen154
\Gm@even@mp=\dimen155
\Gm@layoutwidth=\dimen156
\Gm@layoutheight=\dimen157
\Gm@layouthoffset=\dimen158
\Gm@layoutvoffset=\dimen159
\Gm@dimlist=\toks24
) (c:/Users/Work/AppData/Roaming/TinyTeX/texmf-dist/tex/latex/graphics/graphicx.sty
Package: graphicx 2021/09/16 v1.2d Enhanced LaTeX Graphics (DPC,SPQR)
(c:/Users/Work/AppData/Roaming/TinyTeX/texmf-dist/tex/latex/graphics/graphics.sty
Package: graphics 2021/03/04 v1.4d Standard LaTeX Graphics (DPC,SPQR)
(c:/Users/Work/AppData/Roaming/TinyTeX/texmf-dist/tex/latex/graphics/trig.sty
Package: trig 2021/08/11 v1.11 sin cos tan (DPC)
) (c:/Users/Work/AppData/Roaming/TinyTeX/texmf-dist/tex/latex/graphics-cfg/graphics.cfg
File: graphics.cfg 2016/06/04 v1.11 sample graphics configuration
)
Package graphics Info: Driver file: pdftex.def on input line 107.
)
\Gin@req@height=\dimen160
\Gin@req@width=\dimen161
) (c:/Users/Work/AppData/Roaming/TinyTeX/texmf-dist/tex/latex/fancyhdr/fancyhdr.sty
Package: fancyhdr 2022/05/18 v4.0.3 Extensive control of page headers and footers
\f@nch@headwidth=\skip53
\f@nch@O@elh=\skip54
\f@nch@O@erh=\skip55
\f@nch@O@olh=\skip56
\f@nch@O@orh=\skip57
\f@nch@O@elf=\skip58
\f@nch@O@erf=\skip59
\f@nch@O@olf=\skip60
\f@nch@O@orf=\skip61
) (c:/Users/Work/AppData/Roaming/TinyTeX/texmf-dist/tex/latex/mathtools/mathtools.sty
Package: mathtools 2022/02/07 v1.28a mathematical typesetting tools
(c:/Users/Work/AppData/Roaming/TinyTeX/texmf-dist/tex/latex/tools/calc.sty
Package: calc 2017/05/25 v4.3 Infix arithmetic (KKT,FJ)
\calc@Acount=\count285
\calc@Bcount=\count286
\calc@Adimen=\dimen162
\calc@Bdimen=\dimen163
\calc@Askip=\skip62
\calc@Bskip=\skip63
LaTeX Info: Redefining \setlength on input line 80.
LaTeX Info: Redefining \addtolength on input line 81.
\calc@Ccount=\count287
\calc@Cskip=\skip64
) (c:/Users/Work/AppData/Roaming/TinyTeX/texmf-dist/tex/latex/mathtools/mhsetup.sty
Package: mhsetup 2021/03/18 v1.4 programming setup (MH)
)
\g_MT_multlinerow_int=\count288
\l_MT_multwidth_dim=\dimen164
\origjot=\skip65
\l_MT_shortvdotswithinadjustabove_dim=\dimen165
\l_MT_shortvdotswithinadjustbelow_dim=\dimen166
\l_MT_above_intertext_sep=\dimen167
\l_MT_below_intertext_sep=\dimen168
\l_MT_above_shortintertext_sep=\dimen169
\l_MT_below_shortintertext_sep=\dimen170
\xmathstrut@box=\box52
\xmathstrut@dim=\dimen171
) (c:/Users/Work/AppData/Roaming/TinyTeX/texmf-dist/tex/latex/lipsum/lipsum.sty (c:/Users/Work/AppData/Roaming/TinyTeX/texmf-dist/tex/latex/l3packages/l3keys2e/l3keys2e.sty (c:/Users/Work/AppData/Roaming/TinyTeX/texmf-dist/tex/latex/l3kernel/expl3.sty
Package: expl3 2022-06-02 L3 programming layer (loader) 
(c:/Users/Work/AppData/Roaming/TinyTeX/texmf-dist/tex/latex/l3backend/l3backend-pdftex.def
File: l3backend-pdftex.def 2022-04-20 L3 backend support: PDF output (pdfTeX)
\l__color_backend_stack_int=\count289
\l__pdf_internal_box=\box53
))
Package: l3keys2e 2022-06-07 LaTeX2e option processing using LaTeX3 keys
)
Package: lipsum 2021-09-20 v2.7 150 paragraphs of Lorem Ipsum dummy text
\g__lipsum_par_int=\count290
\l__lipsum_a_int=\count291
\l__lipsum_b_int=\count292
(c:/Users/Work/AppData/Roaming/TinyTeX/texmf-dist/tex/latex/lipsum/lipsum.ltd.tex)) (c:/Users/Work/AppData/Roaming/TinyTeX/texmf-dist/tex/latex/float/float.sty
Package: float 2001/11/08 v1.3d Float enhancements (AL)
\c@float@type=\count293
\float@exts=\toks25
\float@box=\box54
\@float@everytoks=\toks26
\@floatcapt=\box55
) (c:/Users/Work/AppData/Roaming/TinyTeX/texmf-dist/tex/latex/caption/caption.sty
Package: caption 2022/03/01 v3.6b Customizing captions (AR)
(c:/Users/Work/AppData/Roaming/TinyTeX/texmf-dist/tex/latex/caption/caption3.sty
Package: caption3 2022/03/17 v2.3b caption3 kernel (AR)
\caption@tempdima=\dimen172
\captionmargin=\dimen173
\caption@leftmargin=\dimen174
\caption@rightmargin=\dimen175
\caption@width=\dimen176
\caption@indent=\dimen177
\caption@parindent=\dimen178
\caption@hangindent=\dimen179
Package caption Info: Standard document class detected.
)
\c@caption@flags=\count294
\c@continuedfloat=\count295
Package caption Info: float package is loaded.
Package caption Info: hyperref package is loaded.
) (c:/Users/Work/AppData/Roaming/TinyTeX/texmf-dist/tex/latex/base/flafter.sty
Package: flafter 2021/07/31 v1.4e Standard LaTeX floats after reference (FMi)
Applying: [2015/01/01] float order in 2-column on input line 49.
Already applied: [0000/00/00] float order in 2-column on input line 151.
) (c:/Users/Work/AppData/Roaming/TinyTeX/texmf-dist/tex/latex/etoolbox/etoolbox.sty
Package: etoolbox 2020/10/05 v2.5k e-TeX tools for LaTeX (JAW)
\etb@tempcnta=\count296
) (./Supplementary-Figures.aux)
\openout1 = `Supplementary-Figures.aux'.

LaTeX Font Info:    Checking defaults for OML/cmm/m/it on input line 91.
LaTeX Font Info:    ... okay on input line 91.
LaTeX Font Info:    Checking defaults for OMS/cmsy/m/n on input line 91.
LaTeX Font Info:    ... okay on input line 91.
LaTeX Font Info:    Checking defaults for OT1/cmr/m/n on input line 91.
LaTeX Font Info:    ... okay on input line 91.
LaTeX Font Info:    Checking defaults for T1/cmr/m/n on input line 91.
LaTeX Font Info:    ... okay on input line 91.
LaTeX Font Info:    Checking defaults for TS1/cmr/m/n on input line 91.
LaTeX Font Info:    ... okay on input line 91.
LaTeX Font Info:    Checking defaults for OMX/cmex/m/n on input line 91.
LaTeX Font Info:    ... okay on input line 91.
LaTeX Font Info:    Checking defaults for U/cmr/m/n on input line 91.
LaTeX Font Info:    ... okay on input line 91.
LaTeX Font Info:    Checking defaults for PD1/pdf/m/n on input line 91.
LaTeX Font Info:    ... okay on input line 91.
LaTeX Font Info:    Checking defaults for PU/pdf/m/n on input line 91.
LaTeX Font Info:    ... okay on input line 91.
(c:/Users/Work/AppData/Roaming/TinyTeX/texmf-dist/tex/latex/epstopdf-pkg/epstopdf-base.sty
Package: epstopdf-base 2020-01-24 v2.11 Base part for package epstopdf
Package epstopdf-base Info: Redefining graphics rule for `.eps' on input line 485.
(c:/Users/Work/AppData/Roaming/TinyTeX/texmf-dist/tex/latex/latexconfig/epstopdf-sys.cfg
File: epstopdf-sys.cfg 2010/07/13 v1.3 Configuration of (r)epstopdf for TeX Live
))
Package hyperref Info: Link coloring OFF on input line 91.
(./Supplementary-Figures.out) (./Supplementary-Figures.out)
\@outlinefile=\write3
\openout3 = `Supplementary-Figures.out'.

*geometry* driver: auto-detecting
*geometry* detected driver: pdftex
*geometry* verbose mode - [ preamble ] result:
* driver: pdftex
* paper: <default>
* layout: <same size as paper>
* layoutoffset:(h,v)=(0.0pt,0.0pt)
* modes: 
* h-part:(L,W,R)=(72.26999pt, 469.75502pt, 72.26999pt)
* v-part:(T,H,B)=(72.26999pt, 650.43001pt, 72.26999pt)
* \paperwidth=614.295pt
* \paperheight=794.96999pt
* \textwidth=469.75502pt
* \textheight=650.43001pt
* \oddsidemargin=0.0pt
* \evensidemargin=0.0pt
* \topmargin=-37.0pt
* \headheight=18.0pt
* \headsep=25.0pt
* \topskip=10.0pt
* \footskip=30.0pt
* \marginparwidth=65.0pt
* \marginparsep=11.0pt
* \columnsep=10.0pt
* \skip\footins=9.0pt plus 4.0pt minus 2.0pt
* \hoffset=0.0pt
* \voffset=0.0pt
* \mag=1000
* \@twocolumnfalse
* \@twosidefalse
* \@mparswitchfalse
* \@reversemarginfalse
* (1in=72.27pt=25.4mm, 1cm=28.453pt)

Package caption Info: Begin \AtBeginDocument code.
Package caption Info: End \AtBeginDocument code.
LaTeX Font Info:    Trying to load font information for OT1+lmr on input line 93.
(c:/Users/Work/AppData/Roaming/TinyTeX/texmf-dist/tex/latex/lm/ot1lmr.fd
File: ot1lmr.fd 2015/05/01 v1.6.1 Font defs for Latin Modern
)
LaTeX Font Info:    Trying to load font information for OML+lmm on input line 93.
(c:/Users/Work/AppData/Roaming/TinyTeX/texmf-dist/tex/latex/lm/omllmm.fd
File: omllmm.fd 2015/05/01 v1.6.1 Font defs for Latin Modern
)
LaTeX Font Info:    Trying to load font information for OMS+lmsy on input line 93.
(c:/Users/Work/AppData/Roaming/TinyTeX/texmf-dist/tex/latex/lm/omslmsy.fd
File: omslmsy.fd 2015/05/01 v1.6.1 Font defs for Latin Modern
)
LaTeX Font Info:    Trying to load font information for OMX+lmex on input line 93.
(c:/Users/Work/AppData/Roaming/TinyTeX/texmf-dist/tex/latex/lm/omxlmex.fd
File: omxlmex.fd 2015/05/01 v1.6.1 Font defs for Latin Modern
)
LaTeX Font Info:    External font `lmex10' loaded for size
(Font)              <12> on input line 93.
LaTeX Font Info:    External font `lmex10' loaded for size
(Font)              <8> on input line 93.
LaTeX Font Info:    External font `lmex10' loaded for size
(Font)              <6> on input line 93.
LaTeX Font Info:    Trying to load font information for U+msa on input line 93.
(c:/Users/Work/AppData/Roaming/TinyTeX/texmf-dist/tex/latex/amsfonts/umsa.fd
File: umsa.fd 2013/01/14 v3.01 AMS symbols A
)
LaTeX Font Info:    Trying to load font information for U+msb on input line 93.
(c:/Users/Work/AppData/Roaming/TinyTeX/texmf-dist/tex/latex/amsfonts/umsb.fd
File: umsb.fd 2013/01/14 v3.01 AMS symbols B
) [1

{c:/Users/Work/AppData/Roaming/TinyTeX/texmf-var/fonts/map/pdftex/updmap/pdftex.map}]
<Figures/Study Area/Site A Study Area Map.png, id=13, 323.5287pt x 196.0926pt>
File: Figures/Study Area/Site A Study Area Map.png Graphic file (type png)
<use Figures/Study Area/Site A Study Area Map.png>
Package pdftex.def Info: Figures/Study Area/Site A Study Area Map.png  used on input line 98.
(pdftex.def)             Requested size: 323.54765pt x 196.10408pt.
<Figures/Study Area/Site B Study Area Map.png, id=15, 323.5287pt x 196.0926pt>
File: Figures/Study Area/Site B Study Area Map.png Graphic file (type png)
<use Figures/Study Area/Site B Study Area Map.png>
Package pdftex.def Info: Figures/Study Area/Site B Study Area Map.png  used on input line 107.
(pdftex.def)             Requested size: 323.54765pt x 196.10408pt.
<Figures/Clustering/Clustering MI.png, id=16, 602.25pt x 602.25pt>
File: Figures/Clustering/Clustering MI.png Graphic file (type png)
<use Figures/Clustering/Clustering MI.png>
Package pdftex.def Info: Figures/Clustering/Clustering MI.png  used on input line 116.
(pdftex.def)             Requested size: 230.18066pt x 230.18066pt.
<Figures/Clustering/Clustering ARI.png, id=17, 607.51968pt x 605.26125pt>
File: Figures/Clustering/Clustering ARI.png Graphic file (type png)
<use Figures/Clustering/Clustering ARI.png>
Package pdftex.def Info: Figures/Clustering/Clustering ARI.png  used on input line 116.
(pdftex.def)             Requested size: 230.18317pt x 229.32745pt.
<Figures/Dim Red/PCA samples.png, id=18, 618.81187pt x 596.2275pt>
File: Figures/Dim Red/PCA samples.png Graphic file (type png)
<use Figures/Dim Red/PCA samples.png>
Package pdftex.def Info: Figures/Dim Red/PCA samples.png  used on input line 125.
(pdftex.def)             Requested size: 230.18431pt x 221.78342pt.
<Figures/Dim Red/PLSDA samples.png, id=19, 618.81187pt x 596.2275pt>
File: Figures/Dim Red/PLSDA samples.png Graphic file (type png)
<use Figures/Dim Red/PLSDA samples.png>
Package pdftex.def Info: Figures/Dim Red/PLSDA samples.png  used on input line 125.
(pdftex.def)             Requested size: 230.18431pt x 221.78342pt.
<Figures/MNLR Metrics/mnlr stnd metrics.png, id=20, 616.55344pt x 573.64313pt>
File: Figures/MNLR Metrics/mnlr stnd metrics.png Graphic file (type png)
<use Figures/MNLR Metrics/mnlr stnd metrics.png>
Package pdftex.def Info: Figures/MNLR Metrics/mnlr stnd metrics.png  used on input line 134.
(pdftex.def)             Requested size: 150.31839pt x 139.85667pt.
<Figures/MNLR Metrics/mnlr stbl metrics.png, id=21, 616.55344pt x 573.64313pt>
File: Figures/MNLR Metrics/mnlr stbl metrics.png Graphic file (type png)
<use Figures/MNLR Metrics/mnlr stbl metrics.png>
Package pdftex.def Info: Figures/MNLR Metrics/mnlr stbl metrics.png  used on input line 134.
(pdftex.def)             Requested size: 150.31839pt x 139.85667pt.
<Figures/MNLR Metrics/mnlr reg metrics.png, id=22, 616.55344pt x 573.64313pt>
File: Figures/MNLR Metrics/mnlr reg metrics.png Graphic file (type png)
<use Figures/MNLR Metrics/mnlr reg metrics.png>
Package pdftex.def Info: Figures/MNLR Metrics/mnlr reg metrics.png  used on input line 134.
(pdftex.def)             Requested size: 150.31839pt x 139.85667pt.
<Figures/NB Metrics/NB freq metrics.png, id=23, 618.81187pt x 596.2275pt>
File: Figures/NB Metrics/NB freq metrics.png Graphic file (type png)
<use Figures/NB Metrics/NB freq metrics.png>
Package pdftex.def Info: Figures/NB Metrics/NB freq metrics.png  used on input line 143.
(pdftex.def)             Requested size: 230.18431pt x 221.78342pt.
<Figures/NB Metrics/NB intv metrics.png, id=24, 618.81187pt x 596.2275pt>
File: Figures/NB Metrics/NB intv metrics.png Graphic file (type png)
<use Figures/NB Metrics/NB intv metrics.png>
Package pdftex.def Info: Figures/NB Metrics/NB intv metrics.png  used on input line 143.
(pdftex.def)             Requested size: 230.18431pt x 221.78342pt.
<Figures/NB Metrics/NB gaus.kern metrics.png, id=25, 618.81187pt x 596.2275pt>
File: Figures/NB Metrics/NB gaus.kern metrics.png Graphic file (type png)
<use Figures/NB Metrics/NB gaus.kern metrics.png>
Package pdftex.def Info: Figures/NB Metrics/NB gaus.kern metrics.png  used on input line 143.
(pdftex.def)             Requested size: 230.18431pt x 221.78342pt.
<Figures/NB Metrics/NB dens.kern metrics.png, id=26, 618.81187pt x 596.2275pt>
File: Figures/NB Metrics/NB dens.kern metrics.png Graphic file (type png)
<use Figures/NB Metrics/NB dens.kern metrics.png>
Package pdftex.def Info: Figures/NB Metrics/NB dens.kern metrics.png  used on input line 143.
(pdftex.def)             Requested size: 230.18431pt x 221.78342pt.
<Figures/KNN Tuning/knn tuning eucl.png, id=27, 618.81187pt x 596.2275pt>
File: Figures/KNN Tuning/knn tuning eucl.png Graphic file (type png)
<use Figures/KNN Tuning/knn tuning eucl.png>
Package pdftex.def Info: Figures/KNN Tuning/knn tuning eucl.png  used on input line 152.
(pdftex.def)             Requested size: 150.32135pt x 144.83517pt.
<Figures/KNN Tuning/knn tuning mhtn.png, id=28, 618.81187pt x 596.2275pt>
File: Figures/KNN Tuning/knn tuning mhtn.png Graphic file (type png)
<use Figures/KNN Tuning/knn tuning mhtn.png>
Package pdftex.def Info: Figures/KNN Tuning/knn tuning mhtn.png  used on input line 152.
(pdftex.def)             Requested size: 150.32135pt x 144.83517pt.
<Figures/KNN Tuning/knn tuning mnks.png, id=29, 618.81187pt x 596.2275pt>
File: Figures/KNN Tuning/knn tuning mnks.png Graphic file (type png)
<use Figures/KNN Tuning/knn tuning mnks.png>
Package pdftex.def Info: Figures/KNN Tuning/knn tuning mnks.png  used on input line 152.
(pdftex.def)             Requested size: 150.32135pt x 144.83517pt.
<Figures/KNN Metrics/knn basic metrics.png, id=30, 618.81187pt x 596.2275pt>
File: Figures/KNN Metrics/knn basic metrics.png Graphic file (type png)
<use Figures/KNN Metrics/knn basic metrics.png>
Package pdftex.def Info: Figures/KNN Metrics/knn basic metrics.png  used on input line 161.
(pdftex.def)             Requested size: 230.18431pt x 221.78342pt.
<Figures/KNN Metrics/knn eucl metrics.png, id=31, 618.81187pt x 596.2275pt>
File: Figures/KNN Metrics/knn eucl metrics.png Graphic file (type png)
<use Figures/KNN Metrics/knn eucl metrics.png>
Package pdftex.def Info: Figures/KNN Metrics/knn eucl metrics.png  used on input line 161.
(pdftex.def)             Requested size: 230.18431pt x 221.78342pt.
<Figures/KNN Metrics/knn mhtn metrics.png, id=32, 618.81187pt x 596.2275pt>
File: Figures/KNN Metrics/knn mhtn metrics.png Graphic file (type png)
<use Figures/KNN Metrics/knn mhtn metrics.png>
Package pdftex.def Info: Figures/KNN Metrics/knn mhtn metrics.png  used on input line 161.
(pdftex.def)             Requested size: 230.18431pt x 221.78342pt.
<Figures/KNN Metrics/knn mnks metrics.png, id=33, 618.81187pt x 596.2275pt>
File: Figures/KNN Metrics/knn mnks metrics.png Graphic file (type png)
<use Figures/KNN Metrics/knn mnks metrics.png>
Package pdftex.def Info: Figures/KNN Metrics/knn mnks metrics.png  used on input line 161.
(pdftex.def)             Requested size: 230.18431pt x 221.78342pt.
<Figures/DT Tuning/dt gini tuning.png, id=34, 752.8125pt x 590.205pt>
File: Figures/DT Tuning/dt gini tuning.png Graphic file (type png)
<use Figures/DT Tuning/dt gini tuning.png>
Package pdftex.def Info: Figures/DT Tuning/dt gini tuning.png  used on input line 170.
(pdftex.def)             Requested size: 230.17607pt x 180.45804pt.
<Figures/DT Tuning/dt ig tuning.png, id=35, 745.28438pt x 596.98032pt>
File: Figures/DT Tuning/dt ig tuning.png Graphic file (type png)
<use Figures/DT Tuning/dt ig tuning.png>
Package pdftex.def Info: Figures/DT Tuning/dt ig tuning.png  used on input line 170.
(pdftex.def)             Requested size: 230.18286pt x 184.37878pt.
<Figures/DT Metrics/dt gini basic metrics.png, id=36, 618.81187pt x 596.2275pt>
File: Figures/DT Metrics/dt gini basic metrics.png Graphic file (type png)
<use Figures/DT Metrics/dt gini basic metrics.png>
Package pdftex.def Info: Figures/DT Metrics/dt gini basic metrics.png  used on input line 179.
(pdftex.def)             Requested size: 230.18431pt x 221.78342pt.
<Figures/DT Metrics/dt gini opt metrics.png, id=37, 618.81187pt x 596.2275pt>
File: Figures/DT Metrics/dt gini opt metrics.png Graphic file (type png)
<use Figures/DT Metrics/dt gini opt metrics.png>
Package pdftex.def Info: Figures/DT Metrics/dt gini opt metrics.png  used on input line 179.
(pdftex.def)             Requested size: 230.18431pt x 221.78342pt.
<Figures/DT Metrics/dt ig basic metrics.png, id=38, 618.81187pt x 596.2275pt>
File: Figures/DT Metrics/dt ig basic metrics.png Graphic file (type png)
<use Figures/DT Metrics/dt ig basic metrics.png>
Package pdftex.def Info: Figures/DT Metrics/dt ig basic metrics.png  used on input line 179.
(pdftex.def)             Requested size: 230.18431pt x 221.78342pt.
<Figures/DT Metrics/dt ig opt metrics.png, id=39, 618.81187pt x 596.2275pt>
File: Figures/DT Metrics/dt ig opt metrics.png Graphic file (type png)
<use Figures/DT Metrics/dt ig opt metrics.png>
Package pdftex.def Info: Figures/DT Metrics/dt ig opt metrics.png  used on input line 179.
(pdftex.def)             Requested size: 230.18431pt x 221.78342pt.
<Figures/RF Tuning/rf tuning.png, id=40, 615.0478pt x 545.78906pt>
File: Figures/RF Tuning/rf tuning.png Graphic file (type png)
<use Figures/RF Tuning/rf tuning.png>
Package pdftex.def Info: Figures/RF Tuning/rf tuning.png  used on input line 188.
(pdftex.def)             Requested size: 375.8074pt x 333.48882pt.
<Figures/RF Metrics/rf basic metrics.png, id=41, 612.03656pt x 584.1825pt>
File: Figures/RF Metrics/rf basic metrics.png Graphic file (type png)
<use Figures/RF Metrics/rf basic metrics.png>
Package pdftex.def Info: Figures/RF Metrics/rf basic metrics.png  used on input line 197.
(pdftex.def)             Requested size: 230.17621pt x 219.70078pt.
<Figures/RF Metrics/rf opt metrics.png, id=42, 612.03656pt x 584.1825pt>
File: Figures/RF Metrics/rf opt metrics.png Graphic file (type png)
<use Figures/RF Metrics/rf opt metrics.png>
Package pdftex.def Info: Figures/RF Metrics/rf opt metrics.png  used on input line 197.
(pdftex.def)             Requested size: 230.17621pt x 219.70078pt.
<Figures/SVM Tuning/svm linear tuning.png, id=43, 679.03688pt x 535.2497pt>
File: Figures/SVM Tuning/svm linear tuning.png Graphic file (type png)
<use Figures/SVM Tuning/svm linear tuning.png>
Package pdftex.def Info: Figures/SVM Tuning/svm linear tuning.png  used on input line 206.
(pdftex.def)             Requested size: 230.17528pt x 181.43527pt.
<Figures/SVM Tuning/svm radial tuning.png, id=44, 704.6325pt x 538.26094pt>
File: Figures/SVM Tuning/svm radial tuning.png Graphic file (type png)
<use Figures/SVM Tuning/svm radial tuning.png>
Package pdftex.def Info: Figures/SVM Tuning/svm radial tuning.png  used on input line 206.
(pdftex.def)             Requested size: 230.1748pt x 175.82797pt.
<Figures/SVM Tuning/svm polyn tuning.png, id=45, 773.89125pt x 575.14874pt>
File: Figures/SVM Tuning/svm polyn tuning.png Graphic file (type png)
<use Figures/SVM Tuning/svm polyn tuning.png>
Package pdftex.def Info: Figures/SVM Tuning/svm polyn tuning.png  used on input line 206.
(pdftex.def)             Requested size: 230.18532pt x 171.07158pt.
<Figures/SVM Tuning/svm sigmoid tuning.png, id=46, 645.16031pt x 560.8453pt>
File: Figures/SVM Tuning/svm sigmoid tuning.png Graphic file (type png)
<use Figures/SVM Tuning/svm sigmoid tuning.png>
Package pdftex.def Info: Figures/SVM Tuning/svm sigmoid tuning.png  used on input line 206.
(pdftex.def)             Requested size: 230.18037pt x 200.09845pt.
<Figures/SVM Metrics/svm basic linear.png, id=47, 821.31844pt x 583.42969pt>
File: Figures/SVM Metrics/svm basic linear.png Graphic file (type png)
<use Figures/SVM Metrics/svm basic linear.png>
Package pdftex.def Info: Figures/SVM Metrics/svm basic linear.png  used on input line 215.
(pdftex.def)             Requested size: 230.18063pt x 163.51053pt.
<Figures/SVM Metrics/svm basic radial.png, id=48, 821.31844pt x 583.42969pt>
File: Figures/SVM Metrics/svm basic radial.png Graphic file (type png)
<use Figures/SVM Metrics/svm basic radial.png>
Package pdftex.def Info: Figures/SVM Metrics/svm basic radial.png  used on input line 215.
(pdftex.def)             Requested size: 230.18063pt x 163.51053pt.
<Figures/SVM Metrics/svm basic polyn.png, id=49, 821.31844pt x 583.42969pt>
File: Figures/SVM Metrics/svm basic polyn.png Graphic file (type png)
<use Figures/SVM Metrics/svm basic polyn.png>
Package pdftex.def Info: Figures/SVM Metrics/svm basic polyn.png  used on input line 215.
(pdftex.def)             Requested size: 230.18063pt x 163.51053pt.
<Figures/SVM Metrics/svm basic sigmoid.png, id=50, 821.31844pt x 583.42969pt>
File: Figures/SVM Metrics/svm basic sigmoid.png Graphic file (type png)
<use Figures/SVM Metrics/svm basic sigmoid.png>
Package pdftex.def Info: Figures/SVM Metrics/svm basic sigmoid.png  used on input line 215.
(pdftex.def)             Requested size: 230.18063pt x 163.51053pt.
<Figures/SVM Metrics/svm opt linear.png, id=51, 821.31844pt x 583.42969pt>
File: Figures/SVM Metrics/svm opt linear.png Graphic file (type png)
<use Figures/SVM Metrics/svm opt linear.png>
Package pdftex.def Info: Figures/SVM Metrics/svm opt linear.png  used on input line 215.
(pdftex.def)             Requested size: 230.18063pt x 163.51053pt.
<Figures/SVM Metrics/svm opt radial.png, id=52, 821.31844pt x 583.42969pt>
File: Figures/SVM Metrics/svm opt radial.png Graphic file (type png)
<use Figures/SVM Metrics/svm opt radial.png>
Package pdftex.def Info: Figures/SVM Metrics/svm opt radial.png  used on input line 215.
(pdftex.def)             Requested size: 230.18063pt x 163.51053pt.
<Figures/SVM Metrics/svm opt polyn.png, id=53, 821.31844pt x 583.42969pt>
File: Figures/SVM Metrics/svm opt polyn.png Graphic file (type png)
<use Figures/SVM Metrics/svm opt polyn.png>
Package pdftex.def Info: Figures/SVM Metrics/svm opt polyn.png  used on input line 215.
(pdftex.def)             Requested size: 230.18063pt x 163.51053pt.
<Figures/SVM Metrics/svm opt sigmoid.png, id=54, 821.31844pt x 583.42969pt>
File: Figures/SVM Metrics/svm opt sigmoid.png Graphic file (type png)
<use Figures/SVM Metrics/svm opt sigmoid.png>
Package pdftex.def Info: Figures/SVM Metrics/svm opt sigmoid.png  used on input line 215.
(pdftex.def)             Requested size: 230.18063pt x 163.51053pt.

LaTeX Warning: Float too large for page by 26.11209pt on input line 220.

<Figures/NN Tuning/nn logistic tuning.png, id=55, 721.19438pt x 550.30594pt>
File: Figures/NN Tuning/nn logistic tuning.png Graphic file (type png)
<use Figures/NN Tuning/nn logistic tuning.png>
Package pdftex.def Info: Figures/NN Tuning/nn logistic tuning.png  used on input line 224.
(pdftex.def)             Requested size: 230.18167pt x 175.63966pt.
<Figures/NN Tuning/nn tanh tuning.png, id=56, 730.22812pt x 563.10374pt>
File: Figures/NN Tuning/nn tanh tuning.png Graphic file (type png)
<use Figures/NN Tuning/nn tanh tuning.png>
Package pdftex.def Info: Figures/NN Tuning/nn tanh tuning.png  used on input line 224.
(pdftex.def)             Requested size: 230.17906pt x 177.4989pt.
<Figures/NN Metrics/nn basic logistic metrics.png, id=57, 601.4972pt x 609.02531pt>
File: Figures/NN Metrics/nn basic logistic metrics.png Graphic file (type png)
<use Figures/NN Metrics/nn basic logistic metrics.png>
Package pdftex.def Info: Figures/NN Metrics/nn basic logistic metrics.png  used on input line 233.
(pdftex.def)             Requested size: 230.18665pt x 233.06758pt.
<Figures/NN Metrics/nn basic tanh metrics.png, id=58, 601.4972pt x 609.02531pt>
File: Figures/NN Metrics/nn basic tanh metrics.png Graphic file (type png)
<use Figures/NN Metrics/nn basic tanh metrics.png>
Package pdftex.def Info: Figures/NN Metrics/nn basic tanh metrics.png  used on input line 233.
(pdftex.def)             Requested size: 230.18665pt x 233.06758pt.
<Figures/NN Metrics/nn opt logistic metrics.png, id=59, 601.4972pt x 609.02531pt>
File: Figures/NN Metrics/nn opt logistic metrics.png Graphic file (type png)
<use Figures/NN Metrics/nn opt logistic metrics.png>
Package pdftex.def Info: Figures/NN Metrics/nn opt logistic metrics.png  used on input line 233.
(pdftex.def)             Requested size: 230.18665pt x 233.06758pt.
<Figures/NN Metrics/nn opt tanh metrics.png, id=60, 601.4972pt x 609.02531pt>
File: Figures/NN Metrics/nn opt tanh metrics.png Graphic file (type png)
<use Figures/NN Metrics/nn opt tanh metrics.png>
Package pdftex.def Info: Figures/NN Metrics/nn opt tanh metrics.png  used on input line 233.
(pdftex.def)             Requested size: 230.18665pt x 233.06758pt.
<logo-unimelb.png, id=61, 579.16376pt x 150.5625pt>
File: logo-unimelb.png Graphic file (type png)
<use logo-unimelb.png>
Package pdftex.def Info: logo-unimelb.png  used on input line 240.
(pdftex.def)             Requested size: 109.44131pt x 28.45094pt.

Package fancyhdr Warning: \headheight is too small (18.0pt): 
(fancyhdr)                Make it at least 32.05098pt, for example:
(fancyhdr)                \setlength{\headheight}{32.05098pt}.
(fancyhdr)                You might also make \topmargin smaller to compensate:
(fancyhdr)                \addtolength{\topmargin}{-14.05098pt}.

[2 <./logo-unimelb.png> <./Figures/Study Area/Site A Study Area Map.png> <./Figures/Study Area/Site B Study Area Map.png>]
File: logo-unimelb.png Graphic file (type png)
<use logo-unimelb.png>
Package pdftex.def Info: logo-unimelb.png  used on input line 240.
(pdftex.def)             Requested size: 109.44131pt x 28.45094pt.

Package fancyhdr Warning: \headheight is too small (18.0pt): 
(fancyhdr)                Make it at least 32.05098pt, for example:
(fancyhdr)                \setlength{\headheight}{32.05098pt}.
(fancyhdr)                You might also make \topmargin smaller to compensate:
(fancyhdr)                \addtolength{\topmargin}{-14.05098pt}.

[3 <./Figures/Clustering/Clustering MI.png> <./Figures/Clustering/Clustering ARi.png> <./Figures/Dim Red/PCA samples.png (PNG copy)> <./Figures/Dim Red/PLSDA samples.png (PNG copy)>]
File: logo-unimelb.png Graphic file (type png)
<use logo-unimelb.png>
Package pdftex.def Info: logo-unimelb.png  used on input line 240.
(pdftex.def)             Requested size: 109.44131pt x 28.45094pt.

Package fancyhdr Warning: \headheight is too small (18.0pt): 
(fancyhdr)                Make it at least 32.05098pt, for example:
(fancyhdr)                \setlength{\headheight}{32.05098pt}.
(fancyhdr)                You might also make \topmargin smaller to compensate:
(fancyhdr)                \addtolength{\topmargin}{-14.05098pt}.

[4 <./Figures/MNLR Metrics/mnlr stnd metrics.png> <./Figures/MNLR Metrics/mnlr stbl metrics.png> <./Figures/MNLR Metrics/mnlr reg metrics.png> <./Figures/NB Metrics/NB freq metrics.png> <./Figures/NB Metrics/NB intv metrics.png> <./Figures/NB Metrics/NB gaus.kern metrics.png> <./Figures/NB Metrics/NB dens.kern metrics.png>]
File: logo-unimelb.png Graphic file (type png)
<use logo-unimelb.png>
Package pdftex.def Info: logo-unimelb.png  used on input line 240.
(pdftex.def)             Requested size: 109.44131pt x 28.45094pt.

Package fancyhdr Warning: \headheight is too small (18.0pt): 
(fancyhdr)                Make it at least 32.05098pt, for example:
(fancyhdr)                \setlength{\headheight}{32.05098pt}.
(fancyhdr)                You might also make \topmargin smaller to compensate:
(fancyhdr)                \addtolength{\topmargin}{-14.05098pt}.

[5 <./Figures/KNN Tuning/knn tuning eucl.png> <./Figures/KNN Tuning/knn tuning mhtn.png> <./Figures/KNN Tuning/knn tuning mnks.png> <./Figures/KNN Metrics/knn basic metrics.png> <./Figures/KNN Metrics/knn eucl metrics.png> <./Figures/KNN Metrics/knn mhtn metrics.png> <./Figures/KNN Metrics/knn mnks metrics.png>]
File: logo-unimelb.png Graphic file (type png)
<use logo-unimelb.png>
Package pdftex.def Info: logo-unimelb.png  used on input line 240.
(pdftex.def)             Requested size: 109.44131pt x 28.45094pt.

Package fancyhdr Warning: \headheight is too small (18.0pt): 
(fancyhdr)                Make it at least 32.05098pt, for example:
(fancyhdr)                \setlength{\headheight}{32.05098pt}.
(fancyhdr)                You might also make \topmargin smaller to compensate:
(fancyhdr)                \addtolength{\topmargin}{-14.05098pt}.

[6 <./Figures/DT Tuning/dt gini tuning.png> <./Figures/DT Tuning/dt ig tuning.png>]
File: logo-unimelb.png Graphic file (type png)
<use logo-unimelb.png>
Package pdftex.def Info: logo-unimelb.png  used on input line 240.
(pdftex.def)             Requested size: 109.44131pt x 28.45094pt.

Package fancyhdr Warning: \headheight is too small (18.0pt): 
(fancyhdr)                Make it at least 32.05098pt, for example:
(fancyhdr)                \setlength{\headheight}{32.05098pt}.
(fancyhdr)                You might also make \topmargin smaller to compensate:
(fancyhdr)                \addtolength{\topmargin}{-14.05098pt}.

[7 <./Figures/DT Metrics/dt gini basic metrics.png> <./Figures/DT Metrics/dt gini opt metrics.png> <./Figures/DT Metrics/dt ig basic metrics.png> <./Figures/DT Metrics/dt ig opt metrics.png>]
File: logo-unimelb.png Graphic file (type png)
<use logo-unimelb.png>
Package pdftex.def Info: logo-unimelb.png  used on input line 240.
(pdftex.def)             Requested size: 109.44131pt x 28.45094pt.

Package fancyhdr Warning: \headheight is too small (18.0pt): 
(fancyhdr)                Make it at least 32.05098pt, for example:
(fancyhdr)                \setlength{\headheight}{32.05098pt}.
(fancyhdr)                You might also make \topmargin smaller to compensate:
(fancyhdr)                \addtolength{\topmargin}{-14.05098pt}.

[8 <./Figures/RF Tuning/rf tuning.png> <./Figures/RF Metrics/rf basic metrics.png> <./Figures/RF Metrics/rf opt metrics.png>]
File: logo-unimelb.png Graphic file (type png)
<use logo-unimelb.png>
Package pdftex.def Info: logo-unimelb.png  used on input line 240.
(pdftex.def)             Requested size: 109.44131pt x 28.45094pt.

Package fancyhdr Warning: \headheight is too small (18.0pt): 
(fancyhdr)                Make it at least 32.05098pt, for example:
(fancyhdr)                \setlength{\headheight}{32.05098pt}.
(fancyhdr)                You might also make \topmargin smaller to compensate:
(fancyhdr)                \addtolength{\topmargin}{-14.05098pt}.

[9 <./Figures/SVM Tuning/svm linear tuning.png> <./Figures/SVM Tuning/svm radial tuning.png> <./Figures/SVM Tuning/svm polyn tuning.png> <./Figures/SVM Tuning/svm sigmoid tuning.png>]
File: logo-unimelb.png Graphic file (type png)
<use logo-unimelb.png>
Package pdftex.def Info: logo-unimelb.png  used on input line 240.
(pdftex.def)             Requested size: 109.44131pt x 28.45094pt.

Package fancyhdr Warning: \headheight is too small (18.0pt): 
(fancyhdr)                Make it at least 32.05098pt, for example:
(fancyhdr)                \setlength{\headheight}{32.05098pt}.
(fancyhdr)                You might also make \topmargin smaller to compensate:
(fancyhdr)                \addtolength{\topmargin}{-14.05098pt}.

[10 <./Figures/SVM Metrics/svm basic linear.png> <./Figures/SVM Metrics/svm basic radial.png> <./Figures/SVM Metrics/svm basic polyn.png> <./Figures/SVM Metrics/svm basic sigmoid.png> <./Figures/SVM Metrics/svm opt linear.png> <./Figures/SVM Metrics/svm opt radial.png> <./Figures/SVM Metrics/svm opt polyn.png> <./Figures/SVM Metrics/svm opt sigmoid.png>]
File: logo-unimelb.png Graphic file (type png)
<use logo-unimelb.png>
Package pdftex.def Info: logo-unimelb.png  used on input line 240.
(pdftex.def)             Requested size: 109.44131pt x 28.45094pt.

Package fancyhdr Warning: \headheight is too small (18.0pt): 
(fancyhdr)                Make it at least 32.05098pt, for example:
(fancyhdr)                \setlength{\headheight}{32.05098pt}.
(fancyhdr)                You might also make \topmargin smaller to compensate:
(fancyhdr)                \addtolength{\topmargin}{-14.05098pt}.

[11 <./Figures/NN Tuning/nn logistic tuning.png> <./Figures/NN Tuning/nn tanh tuning.png>]
File: logo-unimelb.png Graphic file (type png)
<use logo-unimelb.png>
Package pdftex.def Info: logo-unimelb.png  used on input line 240.
(pdftex.def)             Requested size: 109.44131pt x 28.45094pt.

Package fancyhdr Warning: \headheight is too small (18.0pt): 
(fancyhdr)                Make it at least 32.05098pt, for example:
(fancyhdr)                \setlength{\headheight}{32.05098pt}.
(fancyhdr)                You might also make \topmargin smaller to compensate:
(fancyhdr)                \addtolength{\topmargin}{-14.05098pt}.

[12 <./Figures/NN Metrics/nn basic logistic metrics.png> <./Figures/NN Metrics/nn basic tanh metrics.png> <./Figures/NN Metrics/nn opt logistic metrics.png> <./Figures/NN Metrics/nn opt tanh metrics.png>] (./Supplementary-Figures.aux)
Package rerunfilecheck Info: File `Supplementary-Figures.out' has not changed.
(rerunfilecheck)             Checksum: D41D8CD98F00B204E9800998ECF8427E;0.
 ) 
Here is how much of TeX's memory you used:
 13878 strings out of 480253
 242315 string characters out of 5892773
 603433 words of memory out of 5000000
 31517 multiletter control sequences out of 15000+600000
 503794 words of font info for 51 fonts, out of 8000000 for 9000
 14 hyphenation exceptions out of 8191
 72i,15n,77p,701b,352s stack positions out of 10000i,1000n,20000p,200000b,200000s
{c:/Users/Work/AppData/Roaming/TinyTeX/texmf-dist/fonts/enc/dvips/lm/lm-ec.enc}<c:/Users/Work/AppData/Roaming/TinyTeX/texmf-dist/fonts/type1/public/lm/lmr10.pfb><c:/Users/Work/AppData/Roaming/TinyTeX/texmf-dist/fonts/type1/public/lm/lmr12.pfb><c:/Users/Work/AppData/Roaming/TinyTeX/texmf-dist/fonts/type1/public/lm/lmr17.pfb><c:/Users/Work/AppData/Roaming/TinyTeX/texmf-dist/fonts/type1/public/lm/lmr7.pfb><c:/Users/Work/AppData/Roaming/TinyTeX/texmf-dist/fonts/type1/public/lm/lmr8.pfb><c:/Users/Work/AppData/Roaming/TinyTeX/texmf-dist/fonts/type1/public/lm/lmri12.pfb>
Output written on Supplementary-Figures.pdf (12 pages, 1820716 bytes).
PDF statistics:
 206 PDF objects out of 1000 (max. 8388607)
 85 compressed objects within 1 object stream
 29 named destinations out of 1000 (max. 500000)
 241 words of extra memory for PDF output out of 10000 (max. 10000000)

